0 info it worked if it ends with ok
1 verbose cli [ 'C:\\Program Files\\nodejs\\\\node.exe',
1 verbose cli   'C:\\Program Files\\nodejs\\node_modules\\npm\\bin\\npm-cli.js',
1 verbose cli   'install' ]
2 info using npm@1.3.21
3 info using node@v0.10.24
4 verbose node symlink C:\Program Files\nodejs\\node.exe
5 verbose readDependencies using package.json deps
6 verbose install where, deps [ 'C:\\Users\\joseph.PUTERNERD\\Documents\\GitHub\\TimeCraft',
6 verbose install   [ 'express',
6 verbose install     'jade',
6 verbose install     'consolidate',
6 verbose install     'mongoose',
6 verbose install     'connect-mongo',
6 verbose install     'connect-flash',
6 verbose install     'crypto',
6 verbose install     'passport',
6 verbose install     'passport-local',
6 verbose install     'passport-facebook',
6 verbose install     'passport-twitter',
6 verbose install     'passport-github',
6 verbose install     'passport-google-oauth',
6 verbose install     'passport-linkedin',
6 verbose install     'lodash',
6 verbose install     'view-helpers',
6 verbose install     'mean-logger',
6 verbose install     'bower',
6 verbose install     'grunt',
6 verbose install     'grunt-cli',
6 verbose install     'grunt-env',
6 verbose install     'forever',
6 verbose install     'karma-script-launcher',
6 verbose install     'karma-chrome-launcher',
6 verbose install     'karma-firefox-launcher',
6 verbose install     'karma-html2js-preprocessor',
6 verbose install     'karma-jasmine',
6 verbose install     'karma-requirejs',
6 verbose install     'should',
6 verbose install     'grunt-concurrent',
6 verbose install     'grunt-karma',
6 verbose install     'karma-coffee-preprocessor',
6 verbose install     'supertest',
6 verbose install     'karma-phantomjs-launcher',
6 verbose install     'grunt-mocha-test',
6 verbose install     'grunt-contrib-jshint',
6 verbose install     'grunt-nodemon',
6 verbose install     'grunt-contrib-watch',
6 verbose install     'karma-coverage',
6 verbose install     'karma',
6 verbose install     'swig' ] ]
7 info preinstall mean@0.1.2
8 warn package.json crypto@0.0.3 crypto is also the name of a node core module.
9 verbose readDependencies using package.json deps
10 verbose already installed skipping express@~3.4.7 C:\Users\joseph.PUTERNERD\Documents\GitHub\TimeCraft
11 verbose already installed skipping jade@~1.0.2 C:\Users\joseph.PUTERNERD\Documents\GitHub\TimeCraft
12 verbose already installed skipping consolidate@~0.10.0 C:\Users\joseph.PUTERNERD\Documents\GitHub\TimeCraft
13 verbose already installed skipping mongoose@~3.8.3 C:\Users\joseph.PUTERNERD\Documents\GitHub\TimeCraft
14 verbose already installed skipping connect-mongo@~0.4.0 C:\Users\joseph.PUTERNERD\Documents\GitHub\TimeCraft
15 verbose already installed skipping connect-flash@~0.1.1 C:\Users\joseph.PUTERNERD\Documents\GitHub\TimeCraft
16 verbose already installed skipping crypto@0.0.3 C:\Users\joseph.PUTERNERD\Documents\GitHub\TimeCraft
17 verbose already installed skipping passport@~0.1.18 C:\Users\joseph.PUTERNERD\Documents\GitHub\TimeCraft
18 verbose already installed skipping passport-local@~0.1.6 C:\Users\joseph.PUTERNERD\Documents\GitHub\TimeCraft
19 verbose already installed skipping passport-facebook@~1.0.2 C:\Users\joseph.PUTERNERD\Documents\GitHub\TimeCraft
20 verbose already installed skipping passport-twitter@~1.0.2 C:\Users\joseph.PUTERNERD\Documents\GitHub\TimeCraft
21 verbose already installed skipping passport-github@~0.1.5 C:\Users\joseph.PUTERNERD\Documents\GitHub\TimeCraft
22 verbose already installed skipping passport-google-oauth@~0.1.5 C:\Users\joseph.PUTERNERD\Documents\GitHub\TimeCraft
23 verbose already installed skipping bower@~1.2.8 C:\Users\joseph.PUTERNERD\Documents\GitHub\TimeCraft
24 verbose already installed skipping passport-linkedin@~0.1.3 C:\Users\joseph.PUTERNERD\Documents\GitHub\TimeCraft
25 verbose already installed skipping grunt@~0.4.2 C:\Users\joseph.PUTERNERD\Documents\GitHub\TimeCraft
26 verbose already installed skipping lodash@~2.4.1 C:\Users\joseph.PUTERNERD\Documents\GitHub\TimeCraft
27 verbose already installed skipping grunt-cli@~0.1.11 C:\Users\joseph.PUTERNERD\Documents\GitHub\TimeCraft
28 verbose already installed skipping view-helpers@~0.1.4 C:\Users\joseph.PUTERNERD\Documents\GitHub\TimeCraft
29 verbose already installed skipping grunt-env@~0.4.1 C:\Users\joseph.PUTERNERD\Documents\GitHub\TimeCraft
30 verbose already installed skipping mean-logger@0.0.1 C:\Users\joseph.PUTERNERD\Documents\GitHub\TimeCraft
31 verbose already installed skipping forever@~0.10.11 C:\Users\joseph.PUTERNERD\Documents\GitHub\TimeCraft
32 verbose already installed skipping karma-script-launcher@~0.1.0 C:\Users\joseph.PUTERNERD\Documents\GitHub\TimeCraft
33 verbose already installed skipping karma-chrome-launcher@~0.1.0 C:\Users\joseph.PUTERNERD\Documents\GitHub\TimeCraft
34 verbose already installed skipping karma-firefox-launcher@~0.1.0 C:\Users\joseph.PUTERNERD\Documents\GitHub\TimeCraft
35 verbose already installed skipping karma-html2js-preprocessor@~0.1.0 C:\Users\joseph.PUTERNERD\Documents\GitHub\TimeCraft
36 verbose already installed skipping karma-jasmine@~0.1.3 C:\Users\joseph.PUTERNERD\Documents\GitHub\TimeCraft
37 verbose already installed skipping karma-requirejs@~0.1.0 C:\Users\joseph.PUTERNERD\Documents\GitHub\TimeCraft
38 verbose already installed skipping should@2.1.1 C:\Users\joseph.PUTERNERD\Documents\GitHub\TimeCraft
39 verbose already installed skipping karma-phantomjs-launcher@~0.1.0 C:\Users\joseph.PUTERNERD\Documents\GitHub\TimeCraft
40 verbose cache add [ 'grunt-concurrent@latest', null ]
41 verbose cache add name=undefined spec="grunt-concurrent@latest" args=["grunt-concurrent@latest",null]
42 verbose parsed url { protocol: null,
42 verbose parsed url   slashes: null,
42 verbose parsed url   auth: null,
42 verbose parsed url   host: null,
42 verbose parsed url   port: null,
42 verbose parsed url   hostname: null,
42 verbose parsed url   hash: null,
42 verbose parsed url   search: null,
42 verbose parsed url   query: null,
42 verbose parsed url   pathname: 'grunt-concurrent@latest',
42 verbose parsed url   path: 'grunt-concurrent@latest',
42 verbose parsed url   href: 'grunt-concurrent@latest' }
43 verbose cache add name="grunt-concurrent" spec="latest" args=["grunt-concurrent","latest"]
44 verbose parsed url { protocol: null,
44 verbose parsed url   slashes: null,
44 verbose parsed url   auth: null,
44 verbose parsed url   host: null,
44 verbose parsed url   port: null,
44 verbose parsed url   hostname: null,
44 verbose parsed url   hash: null,
44 verbose parsed url   search: null,
44 verbose parsed url   query: null,
44 verbose parsed url   pathname: 'latest',
44 verbose parsed url   path: 'latest',
44 verbose parsed url   href: 'latest' }
45 verbose addNamed [ 'grunt-concurrent', 'latest' ]
46 verbose addNamed [ null, null ]
47 verbose cache add [ 'grunt-mocha-test@latest', null ]
48 verbose cache add name=undefined spec="grunt-mocha-test@latest" args=["grunt-mocha-test@latest",null]
49 verbose parsed url { protocol: null,
49 verbose parsed url   slashes: null,
49 verbose parsed url   auth: null,
49 verbose parsed url   host: null,
49 verbose parsed url   port: null,
49 verbose parsed url   hostname: null,
49 verbose parsed url   hash: null,
49 verbose parsed url   search: null,
49 verbose parsed url   query: null,
49 verbose parsed url   pathname: 'grunt-mocha-test@latest',
49 verbose parsed url   path: 'grunt-mocha-test@latest',
49 verbose parsed url   href: 'grunt-mocha-test@latest' }
50 verbose cache add name="grunt-mocha-test" spec="latest" args=["grunt-mocha-test","latest"]
51 verbose parsed url { protocol: null,
51 verbose parsed url   slashes: null,
51 verbose parsed url   auth: null,
51 verbose parsed url   host: null,
51 verbose parsed url   port: null,
51 verbose parsed url   hostname: null,
51 verbose parsed url   hash: null,
51 verbose parsed url   search: null,
51 verbose parsed url   query: null,
51 verbose parsed url   pathname: 'latest',
51 verbose parsed url   path: 'latest',
51 verbose parsed url   href: 'latest' }
52 verbose addNamed [ 'grunt-mocha-test', 'latest' ]
53 verbose addNamed [ null, null ]
54 verbose already installed skipping grunt-karma@~0.6.2 C:\Users\joseph.PUTERNERD\Documents\GitHub\TimeCraft
55 verbose cache add [ 'grunt-contrib-jshint@latest', null ]
56 verbose cache add name=undefined spec="grunt-contrib-jshint@latest" args=["grunt-contrib-jshint@latest",null]
57 verbose parsed url { protocol: null,
57 verbose parsed url   slashes: null,
57 verbose parsed url   auth: null,
57 verbose parsed url   host: null,
57 verbose parsed url   port: null,
57 verbose parsed url   hostname: null,
57 verbose parsed url   hash: null,
57 verbose parsed url   search: null,
57 verbose parsed url   query: null,
57 verbose parsed url   pathname: 'grunt-contrib-jshint@latest',
57 verbose parsed url   path: 'grunt-contrib-jshint@latest',
57 verbose parsed url   href: 'grunt-contrib-jshint@latest' }
58 verbose cache add name="grunt-contrib-jshint" spec="latest" args=["grunt-contrib-jshint","latest"]
59 verbose parsed url { protocol: null,
59 verbose parsed url   slashes: null,
59 verbose parsed url   auth: null,
59 verbose parsed url   host: null,
59 verbose parsed url   port: null,
59 verbose parsed url   hostname: null,
59 verbose parsed url   hash: null,
59 verbose parsed url   search: null,
59 verbose parsed url   query: null,
59 verbose parsed url   pathname: 'latest',
59 verbose parsed url   path: 'latest',
59 verbose parsed url   href: 'latest' }
60 verbose addNamed [ 'grunt-contrib-jshint', 'latest' ]
61 verbose addNamed [ null, null ]
62 verbose already installed skipping karma-coffee-preprocessor@~0.1.0 C:\Users\joseph.PUTERNERD\Documents\GitHub\TimeCraft
63 verbose already installed skipping grunt-nodemon@0.2.0 C:\Users\joseph.PUTERNERD\Documents\GitHub\TimeCraft
64 verbose already installed skipping supertest@0.8.2 C:\Users\joseph.PUTERNERD\Documents\GitHub\TimeCraft
65 verbose cache add [ 'grunt-contrib-watch@latest', null ]
66 verbose cache add name=undefined spec="grunt-contrib-watch@latest" args=["grunt-contrib-watch@latest",null]
67 verbose parsed url { protocol: null,
67 verbose parsed url   slashes: null,
67 verbose parsed url   auth: null,
67 verbose parsed url   host: null,
67 verbose parsed url   port: null,
67 verbose parsed url   hostname: null,
67 verbose parsed url   hash: null,
67 verbose parsed url   search: null,
67 verbose parsed url   query: null,
67 verbose parsed url   pathname: 'grunt-contrib-watch@latest',
67 verbose parsed url   path: 'grunt-contrib-watch@latest',
67 verbose parsed url   href: 'grunt-contrib-watch@latest' }
68 verbose cache add name="grunt-contrib-watch" spec="latest" args=["grunt-contrib-watch","latest"]
69 verbose parsed url { protocol: null,
69 verbose parsed url   slashes: null,
69 verbose parsed url   auth: null,
69 verbose parsed url   host: null,
69 verbose parsed url   port: null,
69 verbose parsed url   hostname: null,
69 verbose parsed url   hash: null,
69 verbose parsed url   search: null,
69 verbose parsed url   query: null,
69 verbose parsed url   pathname: 'latest',
69 verbose parsed url   path: 'latest',
69 verbose parsed url   href: 'latest' }
70 verbose addNamed [ 'grunt-contrib-watch', 'latest' ]
71 verbose addNamed [ null, null ]
72 verbose cache add [ 'karma-coverage@~0.1.0', null ]
73 verbose cache add name=undefined spec="karma-coverage@~0.1.0" args=["karma-coverage@~0.1.0",null]
74 verbose parsed url { protocol: null,
74 verbose parsed url   slashes: null,
74 verbose parsed url   auth: null,
74 verbose parsed url   host: null,
74 verbose parsed url   port: null,
74 verbose parsed url   hostname: null,
74 verbose parsed url   hash: null,
74 verbose parsed url   search: null,
74 verbose parsed url   query: null,
74 verbose parsed url   pathname: 'karma-coverage@~0.1.0',
74 verbose parsed url   path: 'karma-coverage@~0.1.0',
74 verbose parsed url   href: 'karma-coverage@~0.1.0' }
75 verbose cache add name="karma-coverage" spec="~0.1.0" args=["karma-coverage","~0.1.0"]
76 verbose parsed url { protocol: null,
76 verbose parsed url   slashes: null,
76 verbose parsed url   auth: null,
76 verbose parsed url   host: null,
76 verbose parsed url   port: null,
76 verbose parsed url   hostname: null,
76 verbose parsed url   hash: null,
76 verbose parsed url   search: null,
76 verbose parsed url   query: null,
76 verbose parsed url   pathname: '~0.1.0',
76 verbose parsed url   path: '~0.1.0',
76 verbose parsed url   href: '~0.1.0' }
77 verbose addNamed [ 'karma-coverage', '~0.1.0' ]
78 verbose addNamed [ null, '>=0.1.0-0 <0.2.0-0' ]
79 verbose already installed skipping karma@~0.10.4 C:\Users\joseph.PUTERNERD\Documents\GitHub\TimeCraft
80 verbose already installed skipping swig@~1.3.2 C:\Users\joseph.PUTERNERD\Documents\GitHub\TimeCraft
81 silly lockFile 50a8c415-grunt-concurrent-latest grunt-concurrent@latest
82 verbose lock grunt-concurrent@latest C:\Users\joseph.PUTERNERD\AppData\Roaming\npm-cache\50a8c415-grunt-concurrent-latest.lock
83 silly lockFile 29185e6c-grunt-mocha-test-latest grunt-mocha-test@latest
84 verbose lock grunt-mocha-test@latest C:\Users\joseph.PUTERNERD\AppData\Roaming\npm-cache\29185e6c-grunt-mocha-test-latest.lock
85 silly lockFile 23ae4c0c-grunt-contrib-jshint-latest grunt-contrib-jshint@latest
86 verbose lock grunt-contrib-jshint@latest C:\Users\joseph.PUTERNERD\AppData\Roaming\npm-cache\23ae4c0c-grunt-contrib-jshint-latest.lock
87 silly lockFile 72016001-grunt-contrib-watch-latest grunt-contrib-watch@latest
88 verbose lock grunt-contrib-watch@latest C:\Users\joseph.PUTERNERD\AppData\Roaming\npm-cache\72016001-grunt-contrib-watch-latest.lock
89 silly lockFile 34d42a64-karma-coverage-0-1-0 karma-coverage@~0.1.0
90 verbose lock karma-coverage@~0.1.0 C:\Users\joseph.PUTERNERD\AppData\Roaming\npm-cache\34d42a64-karma-coverage-0-1-0.lock
91 info addNameTag [ 'grunt-concurrent', 'latest' ]
92 info addNameTag [ 'grunt-mocha-test', 'latest' ]
93 info addNameTag [ 'grunt-contrib-jshint', 'latest' ]
94 silly addNameRange { name: 'karma-coverage',
94 silly addNameRange   range: '>=0.1.0-0 <0.2.0-0',
94 silly addNameRange   hasData: false }
95 info addNameTag [ 'grunt-contrib-watch', 'latest' ]
96 verbose url raw grunt-contrib-jshint
97 verbose url resolving [ 'https://registry.npmjs.org/', './grunt-contrib-jshint' ]
98 verbose url resolved https://registry.npmjs.org/grunt-contrib-jshint
99 info trying registry request attempt 1 at 11:19:49
100 verbose etag "DUN6AK6PQ6UHBVZGP4OMBHS1P"
101 http GET https://registry.npmjs.org/grunt-contrib-jshint
102 verbose url raw grunt-mocha-test
103 verbose url resolving [ 'https://registry.npmjs.org/', './grunt-mocha-test' ]
104 verbose url resolved https://registry.npmjs.org/grunt-mocha-test
105 info trying registry request attempt 1 at 11:19:49
106 verbose etag "6ZA9FCUXS4MAVKR1HPN7VW5C2"
107 http GET https://registry.npmjs.org/grunt-mocha-test
108 verbose url raw karma-coverage
109 verbose url resolving [ 'https://registry.npmjs.org/', './karma-coverage' ]
110 verbose url resolved https://registry.npmjs.org/karma-coverage
111 info trying registry request attempt 1 at 11:19:49
112 verbose etag "ARHDWCYKI029OX3KTCTV0WHPE"
113 http GET https://registry.npmjs.org/karma-coverage
114 verbose url raw grunt-concurrent
115 verbose url resolving [ 'https://registry.npmjs.org/', './grunt-concurrent' ]
116 verbose url resolved https://registry.npmjs.org/grunt-concurrent
117 info trying registry request attempt 1 at 11:19:49
118 verbose etag "7BJ2UXDGEX37VP92QLAGMSINL"
119 http GET https://registry.npmjs.org/grunt-concurrent
120 verbose url raw grunt-contrib-watch
121 verbose url resolving [ 'https://registry.npmjs.org/', './grunt-contrib-watch' ]
122 verbose url resolved https://registry.npmjs.org/grunt-contrib-watch
123 info trying registry request attempt 1 at 11:19:49
124 verbose etag "D54HYEZ4TZ7JWUT17TUPRW08D"
125 http GET https://registry.npmjs.org/grunt-contrib-watch
126 http 304 https://registry.npmjs.org/grunt-contrib-watch
127 silly registry.get cb [ 304,
127 silly registry.get   { date: 'Fri, 14 Mar 2014 18:19:49 GMT',
127 silly registry.get     server: 'Apache',
127 silly registry.get     via: '1.1 varnish',
127 silly registry.get     'last-modified': 'Fri, 14 Mar 2014 18:19:49 GMT',
127 silly registry.get     'cache-control': 'max-age=1',
127 silly registry.get     etag: '"D54HYEZ4TZ7JWUT17TUPRW08D"',
127 silly registry.get     'x-served-by': 'cache-sv62-SJC3',
127 silly registry.get     'x-cache': 'HIT',
127 silly registry.get     'x-cache-hits': '1',
127 silly registry.get     'x-timer': 'S1394821189.120063305,VS0,VE74',
127 silly registry.get     vary: 'Accept',
127 silly registry.get     'content-length': '0',
127 silly registry.get     'keep-alive': 'timeout=10, max=50',
127 silly registry.get     connection: 'Keep-Alive' } ]
128 verbose etag grunt-contrib-watch from cache
129 verbose addNamed [ 'grunt-contrib-watch', '0.6.0' ]
130 verbose addNamed [ '0.6.0', '0.6.0' ]
131 silly lockFile 013d3dfc-grunt-contrib-watch-0-6-0 grunt-contrib-watch@0.6.0
132 verbose lock grunt-contrib-watch@0.6.0 C:\Users\joseph.PUTERNERD\AppData\Roaming\npm-cache\013d3dfc-grunt-contrib-watch-0-6-0.lock
133 silly lockFile 013d3dfc-grunt-contrib-watch-0-6-0 grunt-contrib-watch@0.6.0
134 silly lockFile 013d3dfc-grunt-contrib-watch-0-6-0 grunt-contrib-watch@0.6.0
135 silly lockFile 72016001-grunt-contrib-watch-latest grunt-contrib-watch@latest
136 silly lockFile 72016001-grunt-contrib-watch-latest grunt-contrib-watch@latest
137 info already installed grunt-contrib-watch@0.6.0
138 http 304 https://registry.npmjs.org/grunt-mocha-test
139 silly registry.get cb [ 304,
139 silly registry.get   { date: 'Fri, 14 Mar 2014 18:19:49 GMT',
139 silly registry.get     server: 'Apache',
139 silly registry.get     via: '1.1 varnish',
139 silly registry.get     'last-modified': 'Fri, 14 Mar 2014 18:19:49 GMT',
139 silly registry.get     'cache-control': 'max-age=1',
139 silly registry.get     etag: '"6ZA9FCUXS4MAVKR1HPN7VW5C2"',
139 silly registry.get     'x-served-by': 'cache-sv94-SJC3',
139 silly registry.get     'x-cache': 'MISS',
139 silly registry.get     'x-cache-hits': '0',
139 silly registry.get     'x-timer': 'S1394821189.128928423,VS0,VE108',
139 silly registry.get     vary: 'Accept',
139 silly registry.get     'content-length': '0',
139 silly registry.get     'keep-alive': 'timeout=10, max=50',
139 silly registry.get     connection: 'Keep-Alive' } ]
140 verbose etag grunt-mocha-test from cache
141 verbose addNamed [ 'grunt-mocha-test', '0.9.4' ]
142 verbose addNamed [ '0.9.4', '0.9.4' ]
143 silly lockFile 92d5b629-grunt-mocha-test-0-9-4 grunt-mocha-test@0.9.4
144 verbose lock grunt-mocha-test@0.9.4 C:\Users\joseph.PUTERNERD\AppData\Roaming\npm-cache\92d5b629-grunt-mocha-test-0-9-4.lock
145 silly lockFile 92d5b629-grunt-mocha-test-0-9-4 grunt-mocha-test@0.9.4
146 silly lockFile 92d5b629-grunt-mocha-test-0-9-4 grunt-mocha-test@0.9.4
147 silly lockFile 29185e6c-grunt-mocha-test-latest grunt-mocha-test@latest
148 silly lockFile 29185e6c-grunt-mocha-test-latest grunt-mocha-test@latest
149 info already installed grunt-mocha-test@0.9.4
150 http 304 https://registry.npmjs.org/karma-coverage
151 silly registry.get cb [ 304,
151 silly registry.get   { date: 'Fri, 14 Mar 2014 18:19:49 GMT',
151 silly registry.get     server: 'Apache',
151 silly registry.get     via: '1.1 varnish',
151 silly registry.get     'last-modified': 'Fri, 14 Mar 2014 18:19:49 GMT',
151 silly registry.get     'cache-control': 'max-age=1',
151 silly registry.get     etag: '"ARHDWCYKI029OX3KTCTV0WHPE"',
151 silly registry.get     'x-served-by': 'cache-sv60-SJC3',
151 silly registry.get     'x-cache': 'HIT',
151 silly registry.get     'x-cache-hits': '1',
151 silly registry.get     'x-timer': 'S1394821189.121908665,VS0,VE158',
151 silly registry.get     vary: 'Accept',
151 silly registry.get     'content-length': '0',
151 silly registry.get     'keep-alive': 'timeout=10, max=50',
151 silly registry.get     connection: 'Keep-Alive' } ]
152 verbose etag karma-coverage from cache
153 silly addNameRange number 2 { name: 'karma-coverage',
153 silly addNameRange   range: '>=0.1.0-0 <0.2.0-0',
153 silly addNameRange   hasData: true }
154 silly addNameRange versions [ 'karma-coverage',
154 silly addNameRange   [ '0.0.1',
154 silly addNameRange     '0.0.2',
154 silly addNameRange     '0.0.3',
154 silly addNameRange     '0.0.4',
154 silly addNameRange     '0.0.5',
154 silly addNameRange     '0.1.0',
154 silly addNameRange     '0.1.1',
154 silly addNameRange     '0.1.2',
154 silly addNameRange     '0.1.3',
154 silly addNameRange     '0.1.4',
154 silly addNameRange     '0.1.5',
154 silly addNameRange     '0.2.0' ] ]
155 verbose addNamed [ 'karma-coverage', '0.1.5' ]
156 verbose addNamed [ '0.1.5', '0.1.5' ]
157 silly lockFile f9aea0e5-karma-coverage-0-1-5 karma-coverage@0.1.5
158 verbose lock karma-coverage@0.1.5 C:\Users\joseph.PUTERNERD\AppData\Roaming\npm-cache\f9aea0e5-karma-coverage-0-1-5.lock
159 silly lockFile f9aea0e5-karma-coverage-0-1-5 karma-coverage@0.1.5
160 silly lockFile f9aea0e5-karma-coverage-0-1-5 karma-coverage@0.1.5
161 silly lockFile 34d42a64-karma-coverage-0-1-0 karma-coverage@~0.1.0
162 silly lockFile 34d42a64-karma-coverage-0-1-0 karma-coverage@~0.1.0
163 http 304 https://registry.npmjs.org/grunt-contrib-jshint
164 silly registry.get cb [ 304,
164 silly registry.get   { date: 'Fri, 14 Mar 2014 18:19:49 GMT',
164 silly registry.get     server: 'Apache',
164 silly registry.get     via: '1.1 varnish',
164 silly registry.get     'last-modified': 'Fri, 14 Mar 2014 18:19:49 GMT',
164 silly registry.get     'cache-control': 'max-age=1',
164 silly registry.get     etag: '"DUN6AK6PQ6UHBVZGP4OMBHS1P"',
164 silly registry.get     'x-served-by': 'cache-sv94-SJC3',
164 silly registry.get     'x-cache': 'HIT',
164 silly registry.get     'x-cache-hits': '1',
164 silly registry.get     'x-timer': 'S1394821189.124375105,VS0,VE276',
164 silly registry.get     vary: 'Accept',
164 silly registry.get     'content-length': '0',
164 silly registry.get     'keep-alive': 'timeout=10, max=50',
164 silly registry.get     connection: 'Keep-Alive' } ]
165 verbose etag grunt-contrib-jshint from cache
166 http 304 https://registry.npmjs.org/grunt-concurrent
167 silly registry.get cb [ 304,
167 silly registry.get   { date: 'Fri, 14 Mar 2014 18:19:49 GMT',
167 silly registry.get     server: 'Apache',
167 silly registry.get     via: '1.1 varnish',
167 silly registry.get     'last-modified': 'Fri, 14 Mar 2014 18:19:49 GMT',
167 silly registry.get     'cache-control': 'max-age=1',
167 silly registry.get     etag: '"7BJ2UXDGEX37VP92QLAGMSINL"',
167 silly registry.get     'x-served-by': 'cache-sv94-SJC3',
167 silly registry.get     'x-cache': 'HIT',
167 silly registry.get     'x-cache-hits': '1',
167 silly registry.get     'x-timer': 'S1394821189.123208523,VS0,VE280',
167 silly registry.get     vary: 'Accept',
167 silly registry.get     'content-length': '0',
167 silly registry.get     'keep-alive': 'timeout=10, max=50',
167 silly registry.get     connection: 'Keep-Alive' } ]
168 verbose etag grunt-concurrent from cache
169 verbose addNamed [ 'grunt-concurrent', '0.5.0' ]
170 verbose addNamed [ '0.5.0', '0.5.0' ]
171 silly lockFile 32992192-grunt-concurrent-0-5-0 grunt-concurrent@0.5.0
172 verbose lock grunt-concurrent@0.5.0 C:\Users\joseph.PUTERNERD\AppData\Roaming\npm-cache\32992192-grunt-concurrent-0-5-0.lock
173 verbose addNamed [ 'grunt-contrib-jshint', '0.9.2' ]
174 verbose addNamed [ '0.9.2', '0.9.2' ]
175 silly lockFile 42d4a20a-grunt-contrib-jshint-0-9-2 grunt-contrib-jshint@0.9.2
176 verbose lock grunt-contrib-jshint@0.9.2 C:\Users\joseph.PUTERNERD\AppData\Roaming\npm-cache\42d4a20a-grunt-contrib-jshint-0-9-2.lock
177 silly lockFile 32992192-grunt-concurrent-0-5-0 grunt-concurrent@0.5.0
178 silly lockFile 32992192-grunt-concurrent-0-5-0 grunt-concurrent@0.5.0
179 silly lockFile 42d4a20a-grunt-contrib-jshint-0-9-2 grunt-contrib-jshint@0.9.2
180 silly lockFile 42d4a20a-grunt-contrib-jshint-0-9-2 grunt-contrib-jshint@0.9.2
181 silly lockFile 50a8c415-grunt-concurrent-latest grunt-concurrent@latest
182 silly lockFile 50a8c415-grunt-concurrent-latest grunt-concurrent@latest
183 silly lockFile 23ae4c0c-grunt-contrib-jshint-latest grunt-contrib-jshint@latest
184 silly lockFile 23ae4c0c-grunt-contrib-jshint-latest grunt-contrib-jshint@latest
185 info already installed grunt-concurrent@0.5.0
186 info already installed grunt-contrib-jshint@0.9.2
187 silly resolved [ { name: 'karma-coverage',
187 silly resolved     version: '0.1.5',
187 silly resolved     description: 'A Karma plugin. Generate code coverage.',
187 silly resolved     main: 'lib/index.js',
187 silly resolved     scripts: { test: 'grunt test' },
187 silly resolved     repository:
187 silly resolved      { type: 'git',
187 silly resolved        url: 'git://github.com/karma-runner/karma-coverage.git' },
187 silly resolved     keywords:
187 silly resolved      [ 'karma-plugin',
187 silly resolved        'karma-preprocessor',
187 silly resolved        'karma-reporter',
187 silly resolved        'coverage',
187 silly resolved        'istanbul' ],
187 silly resolved     author: { name: 'SATO taichi', email: 'ryushi@gmail.com' },
187 silly resolved     dependencies: { istanbul: '~0.1.45', ibrik: '~1.0.1', dateformat: '~1.0.6' },
187 silly resolved     peerDependencies: { karma: '>=0.9' },
187 silly resolved     license: 'MIT',
187 silly resolved     devDependencies:
187 silly resolved      { mocks: '0.0.11',
187 silly resolved        grunt: '~0.4.1',
187 silly resolved        'grunt-simple-mocha': '~0.4.0',
187 silly resolved        'grunt-contrib-jshint': '~0.6.0',
187 silly resolved        karma: '~0.9.3',
187 silly resolved        sinon: '~1.7.3',
187 silly resolved        chai: '~1.7.2',
187 silly resolved        'sinon-chai': '~2.4.0',
187 silly resolved        'grunt-bump': '~0.0.7',
187 silly resolved        'grunt-npm': '~0.0.2',
187 silly resolved        'grunt-auto-release': '~0.0.1' },
187 silly resolved     contributors: [ [Object], [Object], [Object], [Object], [Object], [Object] ],
187 silly resolved     readme: '# karma-coverage [![Build Status](https://travis-ci.org/karma-runner/karma-coverage.png?branch=master)](https://travis-ci.org/karma-runner/karma-coverage)\n\n> Generate code coverage using [Istanbul].\n\n## Installation\n\nThe easiest way is to keep `karma-coverage` as a devDependency in your `package.json`.\n```json\n{\n  "devDependencies": {\n    "karma": "~0.10",\n    "karma-coverage": "~0.1"\n  }\n}\n```\n\nYou can simple do it by:\n```bash\nnpm install karma-coverage --save-dev\n```\n\n## Configuration\nFollowing code shows the default configuration...\n```js\n// karma.conf.js\nmodule.exports = function(config) {\n  config.set({\n    files: [\n      \'src/**/*.js\',\n      \'test/**/*.js\'\n    ],\n\n    // coverage reporter generates the coverage\n    reporters: [\'progress\', \'coverage\'],\n\n    preprocessors: {\n      // source files, that you wanna generate coverage for\n      // do not include tests or libraries\n      // (these files will be instrumented by Istanbul)\n      \'src/*.js\': [\'coverage\']\n    },\n\n    // optionally, configure the reporter\n    coverageReporter: {\n      type : \'html\',\n      dir : \'coverage/\'\n    }\n  });\n};\n```\n\n### Options\n#### type\n**Type:** String\n\n**Possible Values:**\n  * `html` (default)\n  * `lcov` (lcov and html)\n  * `lcovonly`\n  * `text`\n  * `text-summary`\n  * `cobertura` (xml format supported by Jenkins)\n  * `teamcity` (code coverage System Messages for TeamCity)\n\nIf you set `type` to `text` or `text-summary`, you may set the `file` option, like this.\n```javascript\ncoverageReporter = {\n  type : \'text\',\n  dir : \'coverage/\',\n  file : \'coverage.txt\'\n}\n```\nIf no filename is given, it will write the output to the console.\n\n#### dir\n**Type:** String\n\n**Description:** This will be used to output coverage reports. When\n  you set a relative path, the directory is resolved against the `basePath`.\n\n#### multiple reporters\nYou can use multiple reporters, by providing array of options.\n\n```javascript\ncoverageReporter: {\n  reporters:[\n    {type: \'html\', dir:\'coverage/\'},\n    {type: \'teamcity\'},\n    {type: \'text-summary\'}\n  ],\n}\n```\n \n----\n\nFor more information on Karma see the [homepage].\n\n\n[homepage]: http://karma-runner.github.com\n[Istanbul]: https://github.com/yahoo/istanbul\n',
187 silly resolved     readmeFilename: 'README.md',
187 silly resolved     bugs: { url: 'https://github.com/karma-runner/karma-coverage/issues' },
187 silly resolved     homepage: 'https://github.com/karma-runner/karma-coverage',
187 silly resolved     _id: 'karma-coverage@0.1.5',
187 silly resolved     _from: 'karma-coverage@~0.1.0' } ]
188 info install karma-coverage@0.1.5 into C:\Users\joseph.PUTERNERD\Documents\GitHub\TimeCraft
189 info installOne karma-coverage@0.1.5
190 info C:\Users\joseph.PUTERNERD\Documents\GitHub\TimeCraft\node_modules\karma-coverage unbuild
191 verbose tar unpack C:\Users\joseph.PUTERNERD\AppData\Roaming\npm-cache\karma-coverage\0.1.5\package.tgz
192 silly lockFile a4a9ea80-raft-node-modules-karma-coverage tar://C:\Users\joseph.PUTERNERD\Documents\GitHub\TimeCraft\node_modules\karma-coverage
193 verbose lock tar://C:\Users\joseph.PUTERNERD\Documents\GitHub\TimeCraft\node_modules\karma-coverage C:\Users\joseph.PUTERNERD\AppData\Roaming\npm-cache\a4a9ea80-raft-node-modules-karma-coverage.lock
194 silly lockFile e1a2329f-karma-coverage-0-1-5-package-tgz tar://C:\Users\joseph.PUTERNERD\AppData\Roaming\npm-cache\karma-coverage\0.1.5\package.tgz
195 verbose lock tar://C:\Users\joseph.PUTERNERD\AppData\Roaming\npm-cache\karma-coverage\0.1.5\package.tgz C:\Users\joseph.PUTERNERD\AppData\Roaming\npm-cache\e1a2329f-karma-coverage-0-1-5-package-tgz.lock
196 silly gunzTarPerm modes [ '755', '644' ]
197 silly gunzTarPerm extractEntry package.json
198 silly gunzTarPerm modified mode [ 'package.json', 438, 420 ]
199 silly gunzTarPerm extractEntry README.md
200 silly gunzTarPerm modified mode [ 'README.md', 438, 420 ]
201 silly gunzTarPerm extractEntry LICENSE
202 silly gunzTarPerm modified mode [ 'LICENSE', 438, 420 ]
203 silly gunzTarPerm extractEntry lib/index.js
204 silly gunzTarPerm modified mode [ 'lib/index.js', 438, 420 ]
205 silly gunzTarPerm extractEntry lib/preprocessor.js
206 silly gunzTarPerm modified mode [ 'lib/preprocessor.js', 438, 420 ]
207 silly gunzTarPerm extractEntry lib/reporter.js
208 silly gunzTarPerm modified mode [ 'lib/reporter.js', 438, 420 ]
209 silly lockFile a4a9ea80-raft-node-modules-karma-coverage tar://C:\Users\joseph.PUTERNERD\Documents\GitHub\TimeCraft\node_modules\karma-coverage
210 silly lockFile a4a9ea80-raft-node-modules-karma-coverage tar://C:\Users\joseph.PUTERNERD\Documents\GitHub\TimeCraft\node_modules\karma-coverage
211 silly lockFile e1a2329f-karma-coverage-0-1-5-package-tgz tar://C:\Users\joseph.PUTERNERD\AppData\Roaming\npm-cache\karma-coverage\0.1.5\package.tgz
212 silly lockFile e1a2329f-karma-coverage-0-1-5-package-tgz tar://C:\Users\joseph.PUTERNERD\AppData\Roaming\npm-cache\karma-coverage\0.1.5\package.tgz
213 info preinstall karma-coverage@0.1.5
214 verbose readDependencies using package.json deps
215 verbose readDependencies using package.json deps
216 verbose cache add [ 'istanbul@~0.1.45', null ]
217 verbose cache add name=undefined spec="istanbul@~0.1.45" args=["istanbul@~0.1.45",null]
218 verbose parsed url { protocol: null,
218 verbose parsed url   slashes: null,
218 verbose parsed url   auth: null,
218 verbose parsed url   host: null,
218 verbose parsed url   port: null,
218 verbose parsed url   hostname: null,
218 verbose parsed url   hash: null,
218 verbose parsed url   search: null,
218 verbose parsed url   query: null,
218 verbose parsed url   pathname: 'istanbul@~0.1.45',
218 verbose parsed url   path: 'istanbul@~0.1.45',
218 verbose parsed url   href: 'istanbul@~0.1.45' }
219 verbose cache add name="istanbul" spec="~0.1.45" args=["istanbul","~0.1.45"]
220 verbose parsed url { protocol: null,
220 verbose parsed url   slashes: null,
220 verbose parsed url   auth: null,
220 verbose parsed url   host: null,
220 verbose parsed url   port: null,
220 verbose parsed url   hostname: null,
220 verbose parsed url   hash: null,
220 verbose parsed url   search: null,
220 verbose parsed url   query: null,
220 verbose parsed url   pathname: '~0.1.45',
220 verbose parsed url   path: '~0.1.45',
220 verbose parsed url   href: '~0.1.45' }
221 verbose addNamed [ 'istanbul', '~0.1.45' ]
222 verbose addNamed [ null, '>=0.1.45-0 <0.2.0-0' ]
223 silly lockFile e6699f3e-istanbul-0-1-45 istanbul@~0.1.45
224 verbose lock istanbul@~0.1.45 C:\Users\joseph.PUTERNERD\AppData\Roaming\npm-cache\e6699f3e-istanbul-0-1-45.lock
225 verbose cache add [ 'ibrik@~1.0.1', null ]
226 verbose cache add name=undefined spec="ibrik@~1.0.1" args=["ibrik@~1.0.1",null]
227 verbose parsed url { protocol: null,
227 verbose parsed url   slashes: null,
227 verbose parsed url   auth: null,
227 verbose parsed url   host: null,
227 verbose parsed url   port: null,
227 verbose parsed url   hostname: null,
227 verbose parsed url   hash: null,
227 verbose parsed url   search: null,
227 verbose parsed url   query: null,
227 verbose parsed url   pathname: 'ibrik@~1.0.1',
227 verbose parsed url   path: 'ibrik@~1.0.1',
227 verbose parsed url   href: 'ibrik@~1.0.1' }
228 verbose cache add name="ibrik" spec="~1.0.1" args=["ibrik","~1.0.1"]
229 verbose parsed url { protocol: null,
229 verbose parsed url   slashes: null,
229 verbose parsed url   auth: null,
229 verbose parsed url   host: null,
229 verbose parsed url   port: null,
229 verbose parsed url   hostname: null,
229 verbose parsed url   hash: null,
229 verbose parsed url   search: null,
229 verbose parsed url   query: null,
229 verbose parsed url   pathname: '~1.0.1',
229 verbose parsed url   path: '~1.0.1',
229 verbose parsed url   href: '~1.0.1' }
230 verbose addNamed [ 'ibrik', '~1.0.1' ]
231 verbose addNamed [ null, '>=1.0.1-0 <1.1.0-0' ]
232 silly lockFile 8268bf66-ibrik-1-0-1 ibrik@~1.0.1
233 verbose lock ibrik@~1.0.1 C:\Users\joseph.PUTERNERD\AppData\Roaming\npm-cache\8268bf66-ibrik-1-0-1.lock
234 verbose cache add [ 'dateformat@~1.0.6', null ]
235 verbose cache add name=undefined spec="dateformat@~1.0.6" args=["dateformat@~1.0.6",null]
236 verbose parsed url { protocol: null,
236 verbose parsed url   slashes: null,
236 verbose parsed url   auth: null,
236 verbose parsed url   host: null,
236 verbose parsed url   port: null,
236 verbose parsed url   hostname: null,
236 verbose parsed url   hash: null,
236 verbose parsed url   search: null,
236 verbose parsed url   query: null,
236 verbose parsed url   pathname: 'dateformat@~1.0.6',
236 verbose parsed url   path: 'dateformat@~1.0.6',
236 verbose parsed url   href: 'dateformat@~1.0.6' }
237 verbose cache add name="dateformat" spec="~1.0.6" args=["dateformat","~1.0.6"]
238 verbose parsed url { protocol: null,
238 verbose parsed url   slashes: null,
238 verbose parsed url   auth: null,
238 verbose parsed url   host: null,
238 verbose parsed url   port: null,
238 verbose parsed url   hostname: null,
238 verbose parsed url   hash: null,
238 verbose parsed url   search: null,
238 verbose parsed url   query: null,
238 verbose parsed url   pathname: '~1.0.6',
238 verbose parsed url   path: '~1.0.6',
238 verbose parsed url   href: '~1.0.6' }
239 verbose addNamed [ 'dateformat', '~1.0.6' ]
240 verbose addNamed [ null, '>=1.0.6-0 <1.1.0-0' ]
241 silly lockFile 7bc67268-dateformat-1-0-6 dateformat@~1.0.6
242 verbose lock dateformat@~1.0.6 C:\Users\joseph.PUTERNERD\AppData\Roaming\npm-cache\7bc67268-dateformat-1-0-6.lock
243 silly addNameRange { name: 'istanbul',
243 silly addNameRange   range: '>=0.1.45-0 <0.2.0-0',
243 silly addNameRange   hasData: false }
244 silly addNameRange { name: 'ibrik', range: '>=1.0.1-0 <1.1.0-0', hasData: false }
245 silly addNameRange { name: 'dateformat',
245 silly addNameRange   range: '>=1.0.6-0 <1.1.0-0',
245 silly addNameRange   hasData: false }
246 verbose url raw ibrik
247 verbose url resolving [ 'https://registry.npmjs.org/', './ibrik' ]
248 verbose url resolved https://registry.npmjs.org/ibrik
249 info trying registry request attempt 1 at 11:19:49
250 verbose etag "7L15RFQRSJ10XSBZSRI0YBY6L"
251 http GET https://registry.npmjs.org/ibrik
252 verbose url raw istanbul
253 verbose url resolving [ 'https://registry.npmjs.org/', './istanbul' ]
254 verbose url resolved https://registry.npmjs.org/istanbul
255 info trying registry request attempt 1 at 11:19:49
256 verbose etag "E0YFS6MYJCMEY0UID9DC5N6IU"
257 http GET https://registry.npmjs.org/istanbul
258 verbose url raw dateformat
259 verbose url resolving [ 'https://registry.npmjs.org/', './dateformat' ]
260 verbose url resolved https://registry.npmjs.org/dateformat
261 info trying registry request attempt 1 at 11:19:49
262 verbose etag "19W95X3HT424F4136OQZRSA9G"
263 http GET https://registry.npmjs.org/dateformat
264 http 304 https://registry.npmjs.org/ibrik
265 silly registry.get cb [ 304,
265 silly registry.get   { date: 'Fri, 14 Mar 2014 18:19:49 GMT',
265 silly registry.get     server: 'Apache',
265 silly registry.get     via: '1.1 varnish',
265 silly registry.get     'last-modified': 'Fri, 14 Mar 2014 18:19:49 GMT',
265 silly registry.get     'cache-control': 'max-age=1',
265 silly registry.get     etag: '"7L15RFQRSJ10XSBZSRI0YBY6L"',
265 silly registry.get     'x-served-by': 'cache-sv95-SJC3',
265 silly registry.get     'x-cache': 'HIT',
265 silly registry.get     'x-cache-hits': '1',
265 silly registry.get     'x-timer': 'S1394821189.526170969,VS0,VE76',
265 silly registry.get     vary: 'Accept',
265 silly registry.get     'content-length': '0',
265 silly registry.get     'keep-alive': 'timeout=10, max=50',
265 silly registry.get     connection: 'Keep-Alive' } ]
266 verbose etag ibrik from cache
267 silly addNameRange number 2 { name: 'ibrik', range: '>=1.0.1-0 <1.1.0-0', hasData: true }
268 silly addNameRange versions [ 'ibrik',
268 silly addNameRange   [ '0.0.1-dev',
268 silly addNameRange     '0.0.1',
268 silly addNameRange     '0.0.2',
268 silly addNameRange     '0.0.3',
268 silly addNameRange     '0.0.3-1',
268 silly addNameRange     '0.0.3-2',
268 silly addNameRange     '0.0.4',
268 silly addNameRange     '1.0.1',
268 silly addNameRange     '1.1.0',
268 silly addNameRange     '1.1.1' ] ]
269 verbose addNamed [ 'ibrik', '1.0.1' ]
270 verbose addNamed [ '1.0.1', '1.0.1' ]
271 silly lockFile eeb5b243-ibrik-1-0-1 ibrik@1.0.1
272 verbose lock ibrik@1.0.1 C:\Users\joseph.PUTERNERD\AppData\Roaming\npm-cache\eeb5b243-ibrik-1-0-1.lock
273 silly lockFile eeb5b243-ibrik-1-0-1 ibrik@1.0.1
274 silly lockFile eeb5b243-ibrik-1-0-1 ibrik@1.0.1
275 silly lockFile 8268bf66-ibrik-1-0-1 ibrik@~1.0.1
276 silly lockFile 8268bf66-ibrik-1-0-1 ibrik@~1.0.1
277 http 304 https://registry.npmjs.org/dateformat
278 silly registry.get cb [ 304,
278 silly registry.get   { date: 'Fri, 14 Mar 2014 18:19:49 GMT',
278 silly registry.get     server: 'Apache',
278 silly registry.get     via: '1.1 varnish',
278 silly registry.get     'last-modified': 'Fri, 14 Mar 2014 18:19:49 GMT',
278 silly registry.get     'cache-control': 'max-age=1',
278 silly registry.get     etag: '"19W95X3HT424F4136OQZRSA9G"',
278 silly registry.get     'x-served-by': 'cache-sv94-SJC3',
278 silly registry.get     'x-cache': 'HIT',
278 silly registry.get     'x-cache-hits': '1',
278 silly registry.get     'x-timer': 'S1394821189.533383131,VS0,VE274',
278 silly registry.get     vary: 'Accept',
278 silly registry.get     'content-length': '0',
278 silly registry.get     'keep-alive': 'timeout=10, max=50',
278 silly registry.get     connection: 'Keep-Alive' } ]
279 verbose etag dateformat from cache
280 silly addNameRange number 2 { name: 'dateformat',
280 silly addNameRange   range: '>=1.0.6-0 <1.1.0-0',
280 silly addNameRange   hasData: true }
281 silly addNameRange versions [ 'dateformat',
281 silly addNameRange   [ '0.9.0-1.2.3',
281 silly addNameRange     '1.0.0-1.2.3',
281 silly addNameRange     '1.0.1-1.2.3',
281 silly addNameRange     '1.0.2-1.2.3',
281 silly addNameRange     '1.0.3-1.2.3',
281 silly addNameRange     '1.0.4-1.2.3',
281 silly addNameRange     '1.0.5-1.2.3',
281 silly addNameRange     '1.0.6-1.2.3',
281 silly addNameRange     '1.0.7-1.2.3' ] ]
282 verbose addNamed [ 'dateformat', '1.0.7-1.2.3' ]
283 verbose addNamed [ '1.0.7-1.2.3', '1.0.7-1.2.3' ]
284 silly lockFile 066f9cb9-dateformat-1-0-7-1-2-3 dateformat@1.0.7-1.2.3
285 verbose lock dateformat@1.0.7-1.2.3 C:\Users\joseph.PUTERNERD\AppData\Roaming\npm-cache\066f9cb9-dateformat-1-0-7-1-2-3.lock
286 silly lockFile 066f9cb9-dateformat-1-0-7-1-2-3 dateformat@1.0.7-1.2.3
287 silly lockFile 066f9cb9-dateformat-1-0-7-1-2-3 dateformat@1.0.7-1.2.3
288 silly lockFile 7bc67268-dateformat-1-0-6 dateformat@~1.0.6
289 silly lockFile 7bc67268-dateformat-1-0-6 dateformat@~1.0.6
290 http 304 https://registry.npmjs.org/istanbul
291 silly registry.get cb [ 304,
291 silly registry.get   { date: 'Fri, 14 Mar 2014 18:19:49 GMT',
291 silly registry.get     server: 'Apache',
291 silly registry.get     via: '1.1 varnish',
291 silly registry.get     'last-modified': 'Fri, 14 Mar 2014 18:19:50 GMT',
291 silly registry.get     'cache-control': 'max-age=1',
291 silly registry.get     etag: '"E0YFS6MYJCMEY0UID9DC5N6IU"',
291 silly registry.get     'x-served-by': 'cache-sv95-SJC3',
291 silly registry.get     'x-cache': 'HIT',
291 silly registry.get     'x-cache-hits': '1',
291 silly registry.get     'x-timer': 'S1394821189.529457092,VS0,VE591',
291 silly registry.get     vary: 'Accept',
291 silly registry.get     'content-length': '0',
291 silly registry.get     'keep-alive': 'timeout=10, max=50',
291 silly registry.get     connection: 'Keep-Alive' } ]
292 verbose etag istanbul from cache
293 silly addNameRange number 2 { name: 'istanbul', range: '>=0.1.45-0 <0.2.0-0', hasData: true }
294 silly addNameRange versions [ 'istanbul',
294 silly addNameRange   [ '0.1.0',
294 silly addNameRange     '0.1.1',
294 silly addNameRange     '0.1.2',
294 silly addNameRange     '0.1.3',
294 silly addNameRange     '0.1.4',
294 silly addNameRange     '0.1.5',
294 silly addNameRange     '0.1.6',
294 silly addNameRange     '0.1.7',
294 silly addNameRange     '0.1.8',
294 silly addNameRange     '0.1.9',
294 silly addNameRange     '0.1.10',
294 silly addNameRange     '0.1.11',
294 silly addNameRange     '0.1.12',
294 silly addNameRange     '0.1.13',
294 silly addNameRange     '0.1.14',
294 silly addNameRange     '0.1.15',
294 silly addNameRange     '0.1.16',
294 silly addNameRange     '0.1.17',
294 silly addNameRange     '0.1.18',
294 silly addNameRange     '0.1.19',
294 silly addNameRange     '0.1.20',
294 silly addNameRange     '0.1.21',
294 silly addNameRange     '0.1.22',
294 silly addNameRange     '0.1.23',
294 silly addNameRange     '0.1.24',
294 silly addNameRange     '0.1.25',
294 silly addNameRange     '0.1.26',
294 silly addNameRange     '0.1.27',
294 silly addNameRange     '0.1.28',
294 silly addNameRange     '0.1.29',
294 silly addNameRange     '0.1.30',
294 silly addNameRange     '0.1.31',
294 silly addNameRange     '0.1.32',
294 silly addNameRange     '0.1.33',
294 silly addNameRange     '0.1.34',
294 silly addNameRange     '0.1.35',
294 silly addNameRange     '0.1.36',
294 silly addNameRange     '0.1.37',
294 silly addNameRange     '0.1.38',
294 silly addNameRange     '0.1.39',
294 silly addNameRange     '0.1.40',
294 silly addNameRange     '0.1.41',
294 silly addNameRange     '0.1.42',
294 silly addNameRange     '0.1.43',
294 silly addNameRange     '0.1.44',
294 silly addNameRange     '0.1.45',
294 silly addNameRange     '0.1.46',
294 silly addNameRange     '0.2.0',
294 silly addNameRange     '0.2.1',
294 silly addNameRange     '0.2.2',
294 silly addNameRange     '0.2.3',
294 silly addNameRange     '0.2.4',
294 silly addNameRange     '0.2.5',
294 silly addNameRange     '0.2.6' ] ]
295 verbose addNamed [ 'istanbul', '0.1.46' ]
296 verbose addNamed [ '0.1.46', '0.1.46' ]
297 silly lockFile 0d8aeccf-istanbul-0-1-46 istanbul@0.1.46
298 verbose lock istanbul@0.1.46 C:\Users\joseph.PUTERNERD\AppData\Roaming\npm-cache\0d8aeccf-istanbul-0-1-46.lock
299 silly lockFile 0d8aeccf-istanbul-0-1-46 istanbul@0.1.46
300 silly lockFile 0d8aeccf-istanbul-0-1-46 istanbul@0.1.46
301 silly lockFile e6699f3e-istanbul-0-1-45 istanbul@~0.1.45
302 silly lockFile e6699f3e-istanbul-0-1-45 istanbul@~0.1.45
303 silly resolved [ { name: 'ibrik',
303 silly resolved     description: 'CoffeeScript coverage tool',
303 silly resolved     homepage: 'https://github.com/Constellation/ibrik',
303 silly resolved     main: './lib/ibrik',
303 silly resolved     directories: { lib: './lib', tools: './tools' },
303 silly resolved     bin: { ibrik: './bin/ibrik' },
303 silly resolved     version: '1.0.1',
303 silly resolved     engines: { node: '>=0.4.0' },
303 silly resolved     maintainers: [ [Object] ],
303 silly resolved     repository: { type: 'git', url: 'git://github.com/Constellation/ibrik.git' },
303 silly resolved     dependencies:
303 silly resolved      { 'coffee-script-redux': 'git+https://github.com/michaelficarra/CoffeeScriptRedux.git#9895cd1641fdf3a2424e662ab7583726bb0e35b3',
303 silly resolved        istanbul: '*',
303 silly resolved        optimist: '*',
303 silly resolved        escodegen: '*',
303 silly resolved        mkdirp: '*',
303 silly resolved        which: '*',
303 silly resolved        estraverse: '*' },
303 silly resolved     devDependencies: { mocha: '*', chai: '*' },
303 silly resolved     licenses: [ [Object] ],
303 silly resolved     scripts: { test: 'mocha', build: 'make build', watch: 'make watch' },
303 silly resolved     readme: '## Ibrik - CoffeeScript meets Istanbul\n\nIbrik ([ibrik](http://github.com/Constellation/ibrik)) is\ncode coverage tool for CoffeeScript.\nIt uses [istanbul](https://github.com/gotwarlost/istanbul) and [CoffeeScriptRedux compiler](https://github.com/michaelficarra/CoffeeScriptRedux). Internally, it uses Mozilla JS AST as its IR.\n\n\n### Install\n\nibrik can be used in in a Node.js application via the package manager:\n\n    npm install -g ibrik\n\n\n### Usage\n\nlike this\n```sh\nibrik cover script.coffee\nistanbul report html\nopen coverage/index.html\n```\n\n### License\n\nCopyright (C) 2012 [Yusuke Suzuki](http://github.com/Constellation)\n (twitter: [@Constellation](http://twitter.com/Constellation)) and other contributors.\n\nRedistribution and use in source and binary forms, with or without\nmodification, are permitted provided that the following conditions are met:\n\n  * Redistributions of source code must retain the above copyright\n    notice, this list of conditions and the following disclaimer.\n\n  * Redistributions in binary form must reproduce the above copyright\n    notice, this list of conditions and the following disclaimer in the\n    documentation and/or other materials provided with the distribution.\n\nTHIS SOFTWARE IS PROVIDED BY THE COPYRIGHT HOLDERS AND CONTRIBUTORS "AS IS"\nAND ANY EXPRESS OR IMPLIED WARRANTIES, INCLUDING, BUT NOT LIMITED TO, THE\nIMPLIED WARRANTIES OF MERCHANTABILITY AND FITNESS FOR A PARTICULAR PURPOSE\nARE DISCLAIMED. IN NO EVENT SHALL <COPYRIGHT HOLDER> BE LIABLE FOR ANY\nDIRECT, INDIRECT, INCIDENTAL, SPECIAL, EXEMPLARY, OR CONSEQUENTIAL DAMAGES\n(INCLUDING, BUT NOT LIMITED TO, PROCUREMENT OF SUBSTITUTE GOODS OR SERVICES;\nLOSS OF USE, DATA, OR PROFITS; OR BUSINESS INTERRUPTION) HOWEVER CAUSED AND\nON ANY THEORY OF LIABILITY, WHETHER IN CONTRACT, STRICT LIABILITY, OR TORT\n(INCLUDING NEGLIGENCE OR OTHERWISE) ARISING IN ANY WAY OUT OF THE USE OF\nTHIS SOFTWARE, EVEN IF ADVISED OF THE POSSIBILITY OF SUCH DAMAGE.\n\n### Status\n\n[![Build Status](https://secure.travis-ci.org/Constellation/ibrik.png)](http://travis-ci.org/Constellation/ibrik)\n',
303 silly resolved     readmeFilename: 'README.md',
303 silly resolved     bugs: { url: 'https://github.com/Constellation/ibrik/issues' },
303 silly resolved     _id: 'ibrik@1.0.1',
303 silly resolved     _from: 'ibrik@~1.0.1' },
303 silly resolved   { name: 'dateformat',
303 silly resolved     description: 'A node.js package for Steven Levithan\'s excellent dateFormat() function.',
303 silly resolved     maintainers: 'Felix Geisendörfer <felix@debuggable.com>',
303 silly resolved     homepage: 'https://github.com/felixge/node-dateformat',
303 silly resolved     author: { name: 'Steven Levithan' },
303 silly resolved     contributors: [ [Object], [Object], [Object] ],
303 silly resolved     version: '1.0.7-1.2.3',
303 silly resolved     main: './lib/dateformat',
303 silly resolved     dependencies: {},
303 silly resolved     devDependencies: {},
303 silly resolved     engines: { node: '*' },
303 silly resolved     repository:
303 silly resolved      { type: 'git',
303 silly resolved        url: 'https://github.com/felixge/node-dateformat.git' },
303 silly resolved     readme: '# dateformat\n\nA node.js package for Steven Levithan\'s excellent [dateFormat()][dateformat] function.\n\n## Modifications\n\n* Removed the `Date.prototype.format` method. Sorry folks, but extending native prototypes is for suckers.\n* Added a `module.exports = dateFormat;` statement at the bottom\n* Added the placeholder `N` to get the ISO 8601 numeric representation of the day of the week\n\n## Installation\n\n```bash\n$ npm install dateformat\n```\n\n## Usage\n\nAs taken from Steven\'s post, modified to match the Modifications listed above:\n```js\n    var dateFormat = require(\'dateformat\');\n    var now = new Date();\n\n    // Basic usage\n    dateFormat(now, "dddd, mmmm dS, yyyy, h:MM:ss TT");\n    // Saturday, June 9th, 2007, 5:46:21 PM\n\n    // You can use one of several named masks\n    dateFormat(now, "isoDateTime");\n    // 2007-06-09T17:46:21\n\n    // ...Or add your own\n    dateFormat.masks.hammerTime = \'HH:MM! "Can\\\'t touch this!"\';\n    dateFormat(now, "hammerTime");\n    // 17:46! Can\'t touch this!\n\n    // When using the standalone dateFormat function,\n    // you can also provide the date as a string\n    dateFormat("Jun 9 2007", "fullDate");\n    // Saturday, June 9, 2007\n\n    // Note that if you don\'t include the mask argument,\n    // dateFormat.masks.default is used\n    dateFormat(now);\n    // Sat Jun 09 2007 17:46:21\n\n    // And if you don\'t include the date argument,\n    // the current date and time is used\n    dateFormat();\n    // Sat Jun 09 2007 17:46:22\n\n    // You can also skip the date argument (as long as your mask doesn\'t\n    // contain any numbers), in which case the current date/time is used\n    dateFormat("longTime");\n    // 5:46:22 PM EST\n\n    // And finally, you can convert local time to UTC time. Simply pass in\n    // true as an additional argument (no argument skipping allowed in this case):\n    dateFormat(now, "longTime", true);\n    // 10:46:21 PM UTC\n\n    // ...Or add the prefix "UTC:" or "GMT:" to your mask.\n    dateFormat(now, "UTC:h:MM:ss TT Z");\n    // 10:46:21 PM UTC\n\n    // You can also get the ISO 8601 week of the year:\n    dateFormat(now, "W");\n    // 42\n\n    // and also get the ISO 8601 numeric representation of the day of the week:\n    dateFormat(now,"N");\n    // 6\n```\n## License\n\n(c) 2007-2009 Steven Levithan [stevenlevithan.com][stevenlevithan], MIT license.\n\n[dateformat]: http://blog.stevenlevithan.com/archives/date-time-format\n[stevenlevithan]: http://stevenlevithan.com/\n',
303 silly resolved     readmeFilename: 'Readme.md',
303 silly resolved     bugs: { url: 'https://github.com/felixge/node-dateformat/issues' },
303 silly resolved     _id: 'dateformat@1.0.7-1.2.3',
303 silly resolved     _from: 'dateformat@~1.0.6' },
303 silly resolved   { name: 'istanbul',
303 silly resolved     version: '0.1.46',
303 silly resolved     description: 'Yet another JS code coverage tool that computes statement, line, function and branch coverage with module loader hooks to transparently add coverage when running tests. Supports all JS coverage use cases including unit tests, server side functional tests and browser tests. Built for scale',
303 silly resolved     keywords: [ 'coverage', 'code coverage', 'JS code coverage', 'JS coverage' ],
303 silly resolved     author:
303 silly resolved      { name: 'Krishnan Anantheswaran',
303 silly resolved        email: 'kananthmail-github@yahoo.com' },
303 silly resolved     contributors:
303 silly resolved      [ [Object],
303 silly resolved        [Object],
303 silly resolved        [Object],
303 silly resolved        [Object],
303 silly resolved        [Object],
303 silly resolved        [Object],
303 silly resolved        [Object],
303 silly resolved        [Object],
303 silly resolved        [Object],
303 silly resolved        [Object],
303 silly resolved        [Object],
303 silly resolved        [Object],
303 silly resolved        [Object],
303 silly resolved        [Object],
303 silly resolved        [Object] ],
303 silly resolved     preferGlobal: true,
303 silly resolved     scripts:
303 silly resolved      { pretest: 'jshint --config ./node_modules/yui-lint/jshint.json lib/*js lib/command/*js lib/report/*js lib/store/*js lib/util/*js test/*js test/instrumentation/*js test/cli/*js test/other/*js',
303 silly resolved        test: 'test/run.js',
303 silly resolved        posttest: 'node ./lib/cli.js check-coverage --statements 95 --branches 80',
303 silly resolved        docs: 'npm install yuidocjs && node node_modules/yuidocjs/lib/cli.js .' },
303 silly resolved     bin: { istanbul: './lib/cli.js' },
303 silly resolved     repository: { type: 'git', url: 'git://github.com/gotwarlost/istanbul.git' },
303 silly resolved     dependencies:
303 silly resolved      { esprima: '1.0.x',
303 silly resolved        escodegen: '0.0.23',
303 silly resolved        handlebars: '1.0.x',
303 silly resolved        mkdirp: '0.3.x',
303 silly resolved        nopt: '2.1.x',
303 silly resolved        fileset: '0.1.x',
303 silly resolved        which: '1.0.x',
303 silly resolved        async: '0.2.x',
303 silly resolved        abbrev: '1.0.x',
303 silly resolved        wordwrap: '0.0.x',
303 silly resolved        resolve: '0.5.x' },
303 silly resolved     devDependencies:
303 silly resolved      { rimraf: '*',
303 silly resolved        nodeunit: '*',
303 silly resolved        jshint: '*',
303 silly resolved        'yui-lint': '*',
303 silly resolved        requirejs: '2.x' },
303 silly resolved     readme: 'Istanbul - a JS code coverage tool written in JS\n================================================\n\n[![Build Status](https://secure.travis-ci.org/gotwarlost/istanbul.png)](http://travis-ci.org/gotwarlost/istanbul)\n[![Dependency Status](https://gemnasium.com/gotwarlost/istanbul.png)](https://gemnasium.com/gotwarlost/istanbul)\n\n[![NPM](https://nodei.co/npm/istanbul.png?downloads=true)](https://nodei.co/npm/istanbul/) \n\nFeatures\n--------\n\n* All-javascript instrumentation library that tracks **statement, branch,\nand function coverage** and reverse-engineers **line coverage** with 100% fidelity.\n* **Module loader hooks** to instrument code on the fly\n* **Command line tools** to run node unit tests "with coverage turned on" and no cooperation\nwhatsoever from the test runner\n* **HTML** and **LCOV** reporting.\n* Ability to use as **middleware** when serving JS files that need to be tested on the browser.\n* Can be used on the **command line** as well as a **library**\n* Based on the awesome `esprima` parser and the equally awesome `escodegen` code generator\n* Well-tested on node 0.4.x, 0.6.x, 0.8.x and the browser (instrumentation library only)\n\nInstalling\n----------\n\n    $ npm install -g istanbul\n\nGetting started\n---------------\n\nThe best way to see it in action is to run node unit tests. Say you have a test\nscript `test.js` that runs all tests for your node project without coverage.\n\nSimply:\n\n    $ cd /path/to/your/source/root\n    $ istanbul cover test.js\n\nand this should produce a `coverage.json`, `lcov.info` and `lcov-report/*html` under `./coverage`\n\nSample of code coverage reports produced by this tool (for this tool!):\n\n* [HTML reports](http://gotwarlost.github.com/istanbul/public/coverage/lcov-report/index.html)\n* [Standard LCOV reports](http://gotwarlost.github.com/istanbul/public/coverage/std-lcov/index.html) (using `genhtml` on the lcov trace file)\n\nUse cases\n---------\n\nSupports the following use cases and more\n\n* transparent coverage of nodejs unit tests\n* ability to use in an <code>npm test</code> script for conditional coverage\n* instrumentation of files in batch mode for browser tests (using yeti for example)\n* Server side code coverage for nodejs by embedding it as custom middleware\n\n\nThe command line\n----------------\n\n    $ istanbul help\n\ngives you detailed help on all commands.\n\nUsage: istanbul help <command>\n\nAvailable commands are:\n\n      check-coverage\n              checks overall coverage against thresholds from coverage JSON\n              files. Exits 1 if thresholds are not met, 0 otherwise\n\n\n      cover   transparently adds coverage information to a node command. Saves\n              coverage.json and reports at the end of execution\n\n\n      help    shows help\n\n\n      instrument\n              instruments a file or a directory tree and writes the\n              instrumented code to the desired output location\n\n\n      report  writes reports for coverage JSON objects produced in a previous\n              run\n\n\n      test    cover a node command only when npm_config_coverage is set. Use in\n              an `npm test` script for conditional coverage\n\n\nCommand names can be abbreviated as long as the abbreviation is unambiguous\n\nThe `cover` command\n-------------------\n\n    $ istanbul cover my-test-script.js -- my test args\n    # note the -- between the command name and the arguments to be passed\n\nThe `cover` command can be used to get a coverage object and reports for any arbitrary\nnode script. By default, coverage information is written under `./coverage` - this\ncan be changed using command-line options.\n\nThe `test` command\n-------------------\n\nThe `test` command has almost the same behavior as the `cover` command, except that\nit skips coverage unless the `npm_config_coverage` environment variable is set.\n\nThis helps you set up conditional coverage for tests. In this case you would\nhave a `package.json` that looks as follows.\n\n    {\n        "name": "my-awesome-lib",\n        "version": "1.0",\n        "script": {\n            "test": "istanbul test my-test-file.js"\n        }\n    }\n\nThen:\n\n    $ npm test # will run tests without coverage\n\nAnd:\n\n    $ npm test --coverage # will run tests with coverage\n\n**Note**: This needs `node 0.6` or better to work. `npm` for `node 0.4.x` does\nnot support the `--coverage` flag.\n\nThe `instrument` command\n------------------------\n\nInstruments a single JS file or an entire directory tree and produces an output directory tree with instrumented code. This should not be required for running node unit tests but is useful for tests to be run on the browser (using `yeti` for example).\n\nThe `report` command\n-------------------\n\nWrites reports using `coverage*.json` files as the source of coverage information. Reports are available in the following formats:\n\n* html - produces a bunch of HTML files with annotated source code\n* lcovonly - produces an lcov.info file\n* lcov - produces html + lcov files. This is the default format\n* cobertura - produces a cobertura-coverage.xml file for easy Hudson integration\n* text-summary - produces a compact text summary of coverage, typically to console\n* text - produces a detailed text table with coverage for all files\n* teamcity - produces service messages to report code coverage to TeamCity\n\nAdditional report formats may be plugged in at the library level.\n\nLibrary usage\n-------------\n\nAll the features of istanbul can be accessed as a library using its [public API](http://gotwarlost.github.com/istanbul/public/apidocs/index.html)\n\nChangelog\n---------\n\nChangelog has been moved [here](https://github.com/gotwarlost/istanbul/blob/master/CHANGELOG.md).\n\nLicense\n-------\n\nistanbul is licensed under the [BSD License](http://github.com/gotwarlost/istanbul/raw/master/LICENSE).\n\nThird-party libraries\n---------------------\n\nThe following third-party libraries are used by this module:\n\n* abbrev: https://github.com/isaacs/abbrev-js -  to handle command abbreviations\n* async: https://github.com/caolan/async - for parallel instrumentation of files\n* escodegen: https://github.com/Constellation/escodegen - for JS code generation\n* esprima: https://github.com/ariya/esprima - for JS parsing\n* fileset: https://github.com/mklabs/node-fileset - for loading and matching path expressions\n* handlebars: https://github.com/wycats/handlebars.js/ - for report template expansion\n* mkdirp: https://github.com/substack/node-mkdirp - to create output directories\n* nodeunit: https://github.com/caolan/nodeunit - dev dependency for unit tests\n* nopt: https://github.com/isaacs/nopt - for option parsing\n* resolve: https://github.com/substack/node-resolve - for resolving a post-require hook module name into its main file.\n* rimraf - https://github.com/isaacs/rimraf - dev dependency for unit tests\n* which: https://github.com/isaacs/node-which - to resolve a node command to a file for the `cover` command\n* wordwrap: https://github.com/substack/node-wordwrap - for prettier help\n* prettify: http://code.google.com/p/google-code-prettify/ - for syntax colored HTML reports. Files checked in under `lib/vendor/`\n\nInspired by\n-----------\n\n* YUI test coverage - https://github.com/yui/yuitest - the grand-daddy of JS coverage tools. Istanbul has been specifically designed to offer an alternative to this library with an easy migration path.\n* cover: https://github.com/itay/node-cover - the inspiration for the `cover` command, modeled after the `run` command in that tool. The coverage methodology used by istanbul is quite different, however\n\nShout out to\n------------\n\n   * [mfncooper](https://github.com/mfncooper) - for great brainstorming discussions\n   * [reid](https://github.com/reid), [davglass](https://github.com/davglass), the YUI dudes, for interesting conversations, encouragement, support and gentle pressure to get it done :)\n\nWhy the funky name?\n-------------------\n\nSince all the good ones are taken. Comes from the loose association of ideas across coverage, carpet-area coverage, the country that makes good carpets and so on...\n\n\n',
303 silly resolved     readmeFilename: 'README.md',
303 silly resolved     bugs: { url: 'https://github.com/gotwarlost/istanbul/issues' },
303 silly resolved     homepage: 'https://github.com/gotwarlost/istanbul',
303 silly resolved     _id: 'istanbul@0.1.46',
303 silly resolved     _from: 'istanbul@~0.1.45' } ]
304 info install ibrik@1.0.1 into C:\Users\joseph.PUTERNERD\Documents\GitHub\TimeCraft\node_modules\karma-coverage
305 info install dateformat@1.0.7-1.2.3 into C:\Users\joseph.PUTERNERD\Documents\GitHub\TimeCraft\node_modules\karma-coverage
306 info install istanbul@0.1.46 into C:\Users\joseph.PUTERNERD\Documents\GitHub\TimeCraft\node_modules\karma-coverage
307 info installOne ibrik@1.0.1
308 info installOne dateformat@1.0.7-1.2.3
309 info installOne istanbul@0.1.46
310 info C:\Users\joseph.PUTERNERD\Documents\GitHub\TimeCraft\node_modules\karma-coverage\node_modules\ibrik unbuild
311 info C:\Users\joseph.PUTERNERD\Documents\GitHub\TimeCraft\node_modules\karma-coverage\node_modules\dateformat unbuild
312 info C:\Users\joseph.PUTERNERD\Documents\GitHub\TimeCraft\node_modules\karma-coverage\node_modules\istanbul unbuild
313 verbose tar unpack C:\Users\joseph.PUTERNERD\AppData\Roaming\npm-cache\ibrik\1.0.1\package.tgz
314 silly lockFile 5496c272-arma-coverage-node-modules-ibrik tar://C:\Users\joseph.PUTERNERD\Documents\GitHub\TimeCraft\node_modules\karma-coverage\node_modules\ibrik
315 verbose lock tar://C:\Users\joseph.PUTERNERD\Documents\GitHub\TimeCraft\node_modules\karma-coverage\node_modules\ibrik C:\Users\joseph.PUTERNERD\AppData\Roaming\npm-cache\5496c272-arma-coverage-node-modules-ibrik.lock
316 silly lockFile 491c8a5a-pm-cache-ibrik-1-0-1-package-tgz tar://C:\Users\joseph.PUTERNERD\AppData\Roaming\npm-cache\ibrik\1.0.1\package.tgz
317 verbose lock tar://C:\Users\joseph.PUTERNERD\AppData\Roaming\npm-cache\ibrik\1.0.1\package.tgz C:\Users\joseph.PUTERNERD\AppData\Roaming\npm-cache\491c8a5a-pm-cache-ibrik-1-0-1-package-tgz.lock
318 verbose tar unpack C:\Users\joseph.PUTERNERD\AppData\Roaming\npm-cache\dateformat\1.0.7-1.2.3\package.tgz
319 silly lockFile 0b020733-coverage-node-modules-dateformat tar://C:\Users\joseph.PUTERNERD\Documents\GitHub\TimeCraft\node_modules\karma-coverage\node_modules\dateformat
320 verbose lock tar://C:\Users\joseph.PUTERNERD\Documents\GitHub\TimeCraft\node_modules\karma-coverage\node_modules\dateformat C:\Users\joseph.PUTERNERD\AppData\Roaming\npm-cache\0b020733-coverage-node-modules-dateformat.lock
321 silly lockFile 5d93fd7d-teformat-1-0-7-1-2-3-package-tgz tar://C:\Users\joseph.PUTERNERD\AppData\Roaming\npm-cache\dateformat\1.0.7-1.2.3\package.tgz
322 verbose lock tar://C:\Users\joseph.PUTERNERD\AppData\Roaming\npm-cache\dateformat\1.0.7-1.2.3\package.tgz C:\Users\joseph.PUTERNERD\AppData\Roaming\npm-cache\5d93fd7d-teformat-1-0-7-1-2-3-package-tgz.lock
323 verbose tar unpack C:\Users\joseph.PUTERNERD\AppData\Roaming\npm-cache\istanbul\0.1.46\package.tgz
324 silly lockFile de81ff10-a-coverage-node-modules-istanbul tar://C:\Users\joseph.PUTERNERD\Documents\GitHub\TimeCraft\node_modules\karma-coverage\node_modules\istanbul
325 verbose lock tar://C:\Users\joseph.PUTERNERD\Documents\GitHub\TimeCraft\node_modules\karma-coverage\node_modules\istanbul C:\Users\joseph.PUTERNERD\AppData\Roaming\npm-cache\de81ff10-a-coverage-node-modules-istanbul.lock
326 silly lockFile 4c923394-ache-istanbul-0-1-46-package-tgz tar://C:\Users\joseph.PUTERNERD\AppData\Roaming\npm-cache\istanbul\0.1.46\package.tgz
327 verbose lock tar://C:\Users\joseph.PUTERNERD\AppData\Roaming\npm-cache\istanbul\0.1.46\package.tgz C:\Users\joseph.PUTERNERD\AppData\Roaming\npm-cache\4c923394-ache-istanbul-0-1-46-package-tgz.lock
328 silly gunzTarPerm modes [ '755', '644' ]
329 silly gunzTarPerm modes [ '755', '644' ]
330 silly gunzTarPerm modes [ '755', '644' ]
331 silly gunzTarPerm extractEntry package.json
332 silly gunzTarPerm modified mode [ 'package.json', 438, 420 ]
333 silly gunzTarPerm extractEntry package.json
334 silly gunzTarPerm modified mode [ 'package.json', 438, 420 ]
335 silly gunzTarPerm extractEntry README.md
336 silly gunzTarPerm modified mode [ 'README.md', 438, 420 ]
337 silly gunzTarPerm extractEntry bin/ibrik
338 silly gunzTarPerm modified mode [ 'bin/ibrik', 438, 420 ]
339 silly gunzTarPerm extractEntry package.json
340 silly gunzTarPerm modified mode [ 'package.json', 438, 420 ]
341 silly gunzTarPerm extractEntry LICENSE
342 silly gunzTarPerm modified mode [ 'LICENSE', 438, 420 ]
343 silly gunzTarPerm extractEntry lib/dateformat.js
344 silly gunzTarPerm modified mode [ 'lib/dateformat.js', 438, 420 ]
345 silly gunzTarPerm extractEntry README.md
346 silly gunzTarPerm modified mode [ 'README.md', 438, 420 ]
347 silly gunzTarPerm extractEntry LICENSE
348 silly gunzTarPerm modified mode [ 'LICENSE', 438, 420 ]
349 silly gunzTarPerm extractEntry lib/command.js
350 silly gunzTarPerm modified mode [ 'lib/command.js', 438, 420 ]
351 silly gunzTarPerm extractEntry lib/cover.js
352 silly gunzTarPerm modified mode [ 'lib/cover.js', 438, 420 ]
353 silly gunzTarPerm extractEntry Readme.md
354 silly gunzTarPerm modified mode [ 'Readme.md', 438, 420 ]
355 silly gunzTarPerm extractEntry test/basic.js
356 silly gunzTarPerm modified mode [ 'test/basic.js', 438, 420 ]
357 silly gunzTarPerm extractEntry index.js
358 silly gunzTarPerm modified mode [ 'index.js', 438, 420 ]
359 silly gunzTarPerm extractEntry CHANGELOG.md
360 silly gunzTarPerm modified mode [ 'CHANGELOG.md', 438, 420 ]
361 silly gunzTarPerm extractEntry test/test_dayofweek.js
362 silly gunzTarPerm modified mode [ 'test/test_dayofweek.js', 438, 420 ]
363 silly gunzTarPerm extractEntry test/test_weekofyear.js
364 silly gunzTarPerm modified mode [ 'test/test_weekofyear.js', 438, 420 ]
365 silly gunzTarPerm extractEntry test/test_weekofyear.sh
366 silly gunzTarPerm modified mode [ 'test/test_weekofyear.sh', 438, 420 ]
367 silly gunzTarPerm extractEntry lib/hook.js
368 silly gunzTarPerm modified mode [ 'lib/hook.js', 438, 420 ]
369 silly gunzTarPerm extractEntry lib/ibrik.js
370 silly gunzTarPerm modified mode [ 'lib/ibrik.js', 438, 420 ]
371 silly gunzTarPerm extractEntry lib/instrumenter.js
372 silly gunzTarPerm modified mode [ 'lib/instrumenter.js', 438, 420 ]
373 silly gunzTarPerm extractEntry lib/cli.js
374 silly gunzTarPerm modified mode [ 'lib/cli.js', 438, 420 ]
375 silly gunzTarPerm extractEntry lib/register-plugins.js
376 silly gunzTarPerm modified mode [ 'lib/register-plugins.js', 438, 420 ]
377 silly gunzTarPerm extractEntry lib/report.js
378 silly gunzTarPerm modified mode [ 'lib/report.js', 438, 420 ]
379 silly gunzTarPerm extractEntry LICENSE.BSD
380 silly gunzTarPerm modified mode [ 'LICENSE.BSD', 438, 420 ]
381 silly gunzTarPerm extractEntry lib/hook.js
382 silly gunzTarPerm modified mode [ 'lib/hook.js', 438, 420 ]
383 silly gunzTarPerm extractEntry lib/instrumenter.js
384 silly gunzTarPerm modified mode [ 'lib/instrumenter.js', 438, 420 ]
385 silly gunzTarPerm extractEntry Makefile
386 silly gunzTarPerm modified mode [ 'Makefile', 438, 420 ]
387 silly gunzTarPerm extractEntry tools/watch.coffee
388 silly gunzTarPerm modified mode [ 'tools/watch.coffee', 438, 420 ]
389 silly gunzTarPerm extractEntry lib/collector.js
390 silly gunzTarPerm modified mode [ 'lib/collector.js', 438, 420 ]
391 silly gunzTarPerm extractEntry lib/object-utils.js
392 silly gunzTarPerm modified mode [ 'lib/object-utils.js', 438, 420 ]
393 silly gunzTarPerm extractEntry lib/command/check-coverage.js
394 silly gunzTarPerm modified mode [ 'lib/command/check-coverage.js', 438, 420 ]
395 silly gunzTarPerm extractEntry lib/command/cover.js
396 silly gunzTarPerm modified mode [ 'lib/command/cover.js', 438, 420 ]
397 silly gunzTarPerm extractEntry lib/command/help.js
398 silly gunzTarPerm modified mode [ 'lib/command/help.js', 438, 420 ]
399 silly gunzTarPerm extractEntry lib/command/index.js
400 silly gunzTarPerm modified mode [ 'lib/command/index.js', 438, 420 ]
401 silly gunzTarPerm extractEntry lib/command/instrument.js
402 silly gunzTarPerm modified mode [ 'lib/command/instrument.js', 438, 420 ]
403 silly gunzTarPerm extractEntry lib/command/report.js
404 silly gunzTarPerm modified mode [ 'lib/command/report.js', 438, 420 ]
405 silly lockFile 0b020733-coverage-node-modules-dateformat tar://C:\Users\joseph.PUTERNERD\Documents\GitHub\TimeCraft\node_modules\karma-coverage\node_modules\dateformat
406 silly lockFile 0b020733-coverage-node-modules-dateformat tar://C:\Users\joseph.PUTERNERD\Documents\GitHub\TimeCraft\node_modules\karma-coverage\node_modules\dateformat
407 silly lockFile 5d93fd7d-teformat-1-0-7-1-2-3-package-tgz tar://C:\Users\joseph.PUTERNERD\AppData\Roaming\npm-cache\dateformat\1.0.7-1.2.3\package.tgz
408 silly lockFile 5d93fd7d-teformat-1-0-7-1-2-3-package-tgz tar://C:\Users\joseph.PUTERNERD\AppData\Roaming\npm-cache\dateformat\1.0.7-1.2.3\package.tgz
409 silly lockFile 5496c272-arma-coverage-node-modules-ibrik tar://C:\Users\joseph.PUTERNERD\Documents\GitHub\TimeCraft\node_modules\karma-coverage\node_modules\ibrik
410 silly lockFile 5496c272-arma-coverage-node-modules-ibrik tar://C:\Users\joseph.PUTERNERD\Documents\GitHub\TimeCraft\node_modules\karma-coverage\node_modules\ibrik
411 silly gunzTarPerm extractEntry lib/command/test.js
412 silly gunzTarPerm modified mode [ 'lib/command/test.js', 438, 420 ]
413 silly gunzTarPerm extractEntry lib/command/common/run-with-cover.js
414 silly gunzTarPerm modified mode [ 'lib/command/common/run-with-cover.js', 438, 420 ]
415 info preinstall dateformat@1.0.7-1.2.3
416 silly lockFile 491c8a5a-pm-cache-ibrik-1-0-1-package-tgz tar://C:\Users\joseph.PUTERNERD\AppData\Roaming\npm-cache\ibrik\1.0.1\package.tgz
417 silly lockFile 491c8a5a-pm-cache-ibrik-1-0-1-package-tgz tar://C:\Users\joseph.PUTERNERD\AppData\Roaming\npm-cache\ibrik\1.0.1\package.tgz
418 verbose readDependencies using package.json deps
419 verbose readDependencies using package.json deps
420 silly resolved []
421 verbose about to build C:\Users\joseph.PUTERNERD\Documents\GitHub\TimeCraft\node_modules\karma-coverage\node_modules\dateformat
422 info build C:\Users\joseph.PUTERNERD\Documents\GitHub\TimeCraft\node_modules\karma-coverage\node_modules\dateformat
423 verbose linkStuff [ false,
423 verbose linkStuff   false,
423 verbose linkStuff   false,
423 verbose linkStuff   'C:\\Users\\joseph.PUTERNERD\\Documents\\GitHub\\TimeCraft\\node_modules\\karma-coverage\\node_modules' ]
424 info linkStuff dateformat@1.0.7-1.2.3
425 verbose linkBins dateformat@1.0.7-1.2.3
426 verbose linkMans dateformat@1.0.7-1.2.3
427 verbose rebuildBundles dateformat@1.0.7-1.2.3
428 info preinstall ibrik@1.0.1
429 info install dateformat@1.0.7-1.2.3
430 info postinstall dateformat@1.0.7-1.2.3
431 verbose readDependencies using package.json deps
432 verbose readDependencies using package.json deps
433 verbose cache add [ 'coffee-script-redux@git+https://github.com/michaelficarra/CoffeeScriptRedux.git#9895cd1641fdf3a2424e662ab7583726bb0e35b3',
433 verbose cache add   null ]
434 verbose cache add name=undefined spec="coffee-script-redux@git+https://github.com/michaelficarra/CoffeeScriptRedux.git#9895cd1641fdf3a2424e662ab7583726bb0e35b3" args=["coffee-script-redux@git+https://github.com/michaelficarra/CoffeeScriptRedux.git#9895cd1641fdf3a2424e662ab7583726bb0e35b3",null]
435 verbose parsed url { protocol: null,
435 verbose parsed url   slashes: null,
435 verbose parsed url   auth: null,
435 verbose parsed url   host: null,
435 verbose parsed url   port: null,
435 verbose parsed url   hostname: null,
435 verbose parsed url   hash: '#9895cd1641fdf3a2424e662ab7583726bb0e35b3',
435 verbose parsed url   search: null,
435 verbose parsed url   query: null,
435 verbose parsed url   pathname: 'coffee-script-redux@git+https://github.com/michaelficarra/CoffeeScriptRedux.git',
435 verbose parsed url   path: 'coffee-script-redux@git+https://github.com/michaelficarra/CoffeeScriptRedux.git',
435 verbose parsed url   href: 'coffee-script-redux@git+https://github.com/michaelficarra/CoffeeScriptRedux.git#9895cd1641fdf3a2424e662ab7583726bb0e35b3' }
436 verbose cache add name="coffee-script-redux" spec="git+https://github.com/michaelficarra/CoffeeScriptRedux.git#9895cd1641fdf3a2424e662ab7583726bb0e35b3" args=["coffee-script-redux","git+https://github.com/michaelficarra/CoffeeScriptRedux.git#9895cd1641fdf3a2424e662ab7583726bb0e35b3"]
437 verbose parsed url { protocol: 'git+https:',
437 verbose parsed url   slashes: true,
437 verbose parsed url   auth: null,
437 verbose parsed url   host: 'github.com',
437 verbose parsed url   port: null,
437 verbose parsed url   hostname: 'github.com',
437 verbose parsed url   hash: '#9895cd1641fdf3a2424e662ab7583726bb0e35b3',
437 verbose parsed url   search: null,
437 verbose parsed url   query: null,
437 verbose parsed url   pathname: '/michaelficarra/CoffeeScriptRedux.git',
437 verbose parsed url   path: '/michaelficarra/CoffeeScriptRedux.git',
437 verbose parsed url   href: 'git+https://github.com/michaelficarra/CoffeeScriptRedux.git#9895cd1641fdf3a2424e662ab7583726bb0e35b3' }
438 silly lockFile d3428e98-41fdf3a2424e662ab7583726bb0e35b3 git+https://github.com/michaelficarra/CoffeeScriptRedux.git#9895cd1641fdf3a2424e662ab7583726bb0e35b3
439 verbose lock git+https://github.com/michaelficarra/CoffeeScriptRedux.git#9895cd1641fdf3a2424e662ab7583726bb0e35b3 C:\Users\joseph.PUTERNERD\AppData\Roaming\npm-cache\d3428e98-41fdf3a2424e662ab7583726bb0e35b3.lock
440 verbose cache add [ 'optimist@*', null ]
441 verbose cache add name=undefined spec="optimist@*" args=["optimist@*",null]
442 verbose parsed url { protocol: null,
442 verbose parsed url   slashes: null,
442 verbose parsed url   auth: null,
442 verbose parsed url   host: null,
442 verbose parsed url   port: null,
442 verbose parsed url   hostname: null,
442 verbose parsed url   hash: null,
442 verbose parsed url   search: null,
442 verbose parsed url   query: null,
442 verbose parsed url   pathname: 'optimist@*',
442 verbose parsed url   path: 'optimist@*',
442 verbose parsed url   href: 'optimist@*' }
443 verbose cache add name="optimist" spec="*" args=["optimist","*"]
444 verbose parsed url { protocol: null,
444 verbose parsed url   slashes: null,
444 verbose parsed url   auth: null,
444 verbose parsed url   host: null,
444 verbose parsed url   port: null,
444 verbose parsed url   hostname: null,
444 verbose parsed url   hash: null,
444 verbose parsed url   search: null,
444 verbose parsed url   query: null,
444 verbose parsed url   pathname: '*',
444 verbose parsed url   path: '*',
444 verbose parsed url   href: '*' }
445 verbose addNamed [ 'optimist', '*' ]
446 verbose addNamed [ null, '*' ]
447 silly lockFile 942cd351-optimist optimist@*
448 verbose lock optimist@* C:\Users\joseph.PUTERNERD\AppData\Roaming\npm-cache\942cd351-optimist.lock
449 verbose cache add [ 'escodegen@*', null ]
450 verbose cache add name=undefined spec="escodegen@*" args=["escodegen@*",null]
451 verbose parsed url { protocol: null,
451 verbose parsed url   slashes: null,
451 verbose parsed url   auth: null,
451 verbose parsed url   host: null,
451 verbose parsed url   port: null,
451 verbose parsed url   hostname: null,
451 verbose parsed url   hash: null,
451 verbose parsed url   search: null,
451 verbose parsed url   query: null,
451 verbose parsed url   pathname: 'escodegen@*',
451 verbose parsed url   path: 'escodegen@*',
451 verbose parsed url   href: 'escodegen@*' }
452 verbose cache add name="escodegen" spec="*" args=["escodegen","*"]
453 verbose parsed url { protocol: null,
453 verbose parsed url   slashes: null,
453 verbose parsed url   auth: null,
453 verbose parsed url   host: null,
453 verbose parsed url   port: null,
453 verbose parsed url   hostname: null,
453 verbose parsed url   hash: null,
453 verbose parsed url   search: null,
453 verbose parsed url   query: null,
453 verbose parsed url   pathname: '*',
453 verbose parsed url   path: '*',
453 verbose parsed url   href: '*' }
454 verbose addNamed [ 'escodegen', '*' ]
455 verbose addNamed [ null, '*' ]
456 silly lockFile 597aae0b-escodegen escodegen@*
457 verbose lock escodegen@* C:\Users\joseph.PUTERNERD\AppData\Roaming\npm-cache\597aae0b-escodegen.lock
458 verbose cache add [ 'mkdirp@*', null ]
459 verbose cache add name=undefined spec="mkdirp@*" args=["mkdirp@*",null]
460 verbose parsed url { protocol: null,
460 verbose parsed url   slashes: null,
460 verbose parsed url   auth: null,
460 verbose parsed url   host: null,
460 verbose parsed url   port: null,
460 verbose parsed url   hostname: null,
460 verbose parsed url   hash: null,
460 verbose parsed url   search: null,
460 verbose parsed url   query: null,
460 verbose parsed url   pathname: 'mkdirp@*',
460 verbose parsed url   path: 'mkdirp@*',
460 verbose parsed url   href: 'mkdirp@*' }
461 verbose cache add name="mkdirp" spec="*" args=["mkdirp","*"]
462 verbose parsed url { protocol: null,
462 verbose parsed url   slashes: null,
462 verbose parsed url   auth: null,
462 verbose parsed url   host: null,
462 verbose parsed url   port: null,
462 verbose parsed url   hostname: null,
462 verbose parsed url   hash: null,
462 verbose parsed url   search: null,
462 verbose parsed url   query: null,
462 verbose parsed url   pathname: '*',
462 verbose parsed url   path: '*',
462 verbose parsed url   href: '*' }
463 verbose addNamed [ 'mkdirp', '*' ]
464 verbose addNamed [ null, '*' ]
465 silly lockFile 49c57f5b-mkdirp mkdirp@*
466 verbose lock mkdirp@* C:\Users\joseph.PUTERNERD\AppData\Roaming\npm-cache\49c57f5b-mkdirp.lock
467 verbose cache add [ 'which@*', null ]
468 verbose cache add name=undefined spec="which@*" args=["which@*",null]
469 verbose parsed url { protocol: null,
469 verbose parsed url   slashes: null,
469 verbose parsed url   auth: null,
469 verbose parsed url   host: null,
469 verbose parsed url   port: null,
469 verbose parsed url   hostname: null,
469 verbose parsed url   hash: null,
469 verbose parsed url   search: null,
469 verbose parsed url   query: null,
469 verbose parsed url   pathname: 'which@*',
469 verbose parsed url   path: 'which@*',
469 verbose parsed url   href: 'which@*' }
470 verbose cache add name="which" spec="*" args=["which","*"]
471 verbose parsed url { protocol: null,
471 verbose parsed url   slashes: null,
471 verbose parsed url   auth: null,
471 verbose parsed url   host: null,
471 verbose parsed url   port: null,
471 verbose parsed url   hostname: null,
471 verbose parsed url   hash: null,
471 verbose parsed url   search: null,
471 verbose parsed url   query: null,
471 verbose parsed url   pathname: '*',
471 verbose parsed url   path: '*',
471 verbose parsed url   href: '*' }
472 verbose addNamed [ 'which', '*' ]
473 verbose addNamed [ null, '*' ]
474 silly lockFile a275e88c-which which@*
475 verbose lock which@* C:\Users\joseph.PUTERNERD\AppData\Roaming\npm-cache\a275e88c-which.lock
476 verbose cache add [ 'estraverse@*', null ]
477 verbose cache add name=undefined spec="estraverse@*" args=["estraverse@*",null]
478 verbose parsed url { protocol: null,
478 verbose parsed url   slashes: null,
478 verbose parsed url   auth: null,
478 verbose parsed url   host: null,
478 verbose parsed url   port: null,
478 verbose parsed url   hostname: null,
478 verbose parsed url   hash: null,
478 verbose parsed url   search: null,
478 verbose parsed url   query: null,
478 verbose parsed url   pathname: 'estraverse@*',
478 verbose parsed url   path: 'estraverse@*',
478 verbose parsed url   href: 'estraverse@*' }
479 verbose cache add name="estraverse" spec="*" args=["estraverse","*"]
480 verbose parsed url { protocol: null,
480 verbose parsed url   slashes: null,
480 verbose parsed url   auth: null,
480 verbose parsed url   host: null,
480 verbose parsed url   port: null,
480 verbose parsed url   hostname: null,
480 verbose parsed url   hash: null,
480 verbose parsed url   search: null,
480 verbose parsed url   query: null,
480 verbose parsed url   pathname: '*',
480 verbose parsed url   path: '*',
480 verbose parsed url   href: '*' }
481 verbose addNamed [ 'estraverse', '*' ]
482 verbose addNamed [ null, '*' ]
483 silly lockFile 771f3482-estraverse estraverse@*
484 verbose lock estraverse@* C:\Users\joseph.PUTERNERD\AppData\Roaming\npm-cache\771f3482-estraverse.lock
485 silly addNameRange { name: 'mkdirp', range: '*', hasData: false }
486 silly addNameRange { name: 'escodegen', range: '*', hasData: false }
487 silly addNameRange { name: 'optimist', range: '*', hasData: false }
488 silly addNameRange { name: 'which', range: '*', hasData: false }
489 silly addNameRange { name: 'estraverse', range: '*', hasData: false }
490 verbose url raw mkdirp
491 verbose url resolving [ 'https://registry.npmjs.org/', './mkdirp' ]
492 verbose url resolved https://registry.npmjs.org/mkdirp
493 info trying registry request attempt 1 at 11:19:50
494 verbose etag "BCGRNVY5Y0HPXJNO7IQQLO9YA"
495 http GET https://registry.npmjs.org/mkdirp
496 verbose url raw escodegen
497 verbose url resolving [ 'https://registry.npmjs.org/', './escodegen' ]
498 verbose url resolved https://registry.npmjs.org/escodegen
499 info trying registry request attempt 1 at 11:19:50
500 verbose etag "CEXD8QEQAYFFB888JAPS6MQCU"
501 http GET https://registry.npmjs.org/escodegen
502 verbose url raw optimist
503 verbose url resolving [ 'https://registry.npmjs.org/', './optimist' ]
504 verbose url resolved https://registry.npmjs.org/optimist
505 info trying registry request attempt 1 at 11:19:50
506 verbose etag "8BO85BEC60MMBAVWXWMFX7PZQ"
507 http GET https://registry.npmjs.org/optimist
508 verbose addRemoteGit [ 'https://github.com/michaelficarra/CoffeeScriptRedux.git',
508 verbose addRemoteGit   '9895cd1641fdf3a2424e662ab7583726bb0e35b3' ]
509 verbose url raw which
510 verbose url resolving [ 'https://registry.npmjs.org/', './which' ]
511 verbose url resolved https://registry.npmjs.org/which
512 info trying registry request attempt 1 at 11:19:50
513 verbose etag "59QEFDHJV75PSWC6PDQ8CYUP4"
514 http GET https://registry.npmjs.org/which
515 verbose url raw estraverse
516 verbose url resolving [ 'https://registry.npmjs.org/', './estraverse' ]
517 verbose url resolved https://registry.npmjs.org/estraverse
518 info trying registry request attempt 1 at 11:19:50
519 verbose etag "8RDUQVC1RH8XF089HWEGT8XWJ"
520 http GET https://registry.npmjs.org/estraverse
521 silly gunzTarPerm extractEntry lib/report/cobertura.js
522 silly gunzTarPerm modified mode [ 'lib/report/cobertura.js', 438, 420 ]
523 silly gunzTarPerm extractEntry lib/report/index.js
524 silly gunzTarPerm modified mode [ 'lib/report/index.js', 438, 420 ]
525 silly gunzTarPerm extractEntry lib/report/json.js
526 silly gunzTarPerm modified mode [ 'lib/report/json.js', 438, 420 ]
527 silly gunzTarPerm extractEntry lib/report/lcov.js
528 silly gunzTarPerm modified mode [ 'lib/report/lcov.js', 438, 420 ]
529 silly gunzTarPerm extractEntry lib/report/html.js
530 silly gunzTarPerm modified mode [ 'lib/report/html.js', 438, 420 ]
531 silly gunzTarPerm extractEntry lib/report/none.js
532 silly gunzTarPerm modified mode [ 'lib/report/none.js', 438, 420 ]
533 silly gunzTarPerm extractEntry lib/report/teamcity.js
534 silly gunzTarPerm modified mode [ 'lib/report/teamcity.js', 438, 420 ]
535 silly gunzTarPerm extractEntry lib/report/text-summary.js
536 silly gunzTarPerm modified mode [ 'lib/report/text-summary.js', 438, 420 ]
537 silly gunzTarPerm extractEntry lib/report/text.js
538 silly gunzTarPerm modified mode [ 'lib/report/text.js', 438, 420 ]
539 silly gunzTarPerm extractEntry lib/report/lcovonly.js
540 silly gunzTarPerm modified mode [ 'lib/report/lcovonly.js', 438, 420 ]
541 silly gunzTarPerm extractEntry lib/report/templates/foot.txt
542 silly gunzTarPerm modified mode [ 'lib/report/templates/foot.txt', 438, 420 ]
543 silly gunzTarPerm extractEntry lib/report/templates/head.txt
544 silly gunzTarPerm modified mode [ 'lib/report/templates/head.txt', 438, 420 ]
545 silly lockFile 0413540b-aelficarra-CoffeeScriptRedux-git https://github.com/michaelficarra/CoffeeScriptRedux.git
546 verbose about to build C:\Users\joseph.PUTERNERD\Documents\GitHub\TimeCraft\node_modules\karma-coverage\node_modules\ibrik
547 info C:\Users\joseph.PUTERNERD\Documents\GitHub\TimeCraft\node_modules\karma-coverage\node_modules\ibrik unbuild
548 info preuninstall ibrik@1.0.1
549 info uninstall ibrik@1.0.1
550 verbose false,C:\Users\joseph.PUTERNERD\Documents\GitHub\TimeCraft\node_modules,C:\Users\joseph.PUTERNERD\Documents\GitHub\TimeCraft\node_modules\karma-coverage\node_modules unbuild ibrik@1.0.1
551 verbose C:\Users\joseph.PUTERNERD\Documents\GitHub\TimeCraft\node_modules\karma-coverage\node_modules\.bin,[object Object] binRoot
552 info postuninstall ibrik@1.0.1
553 verbose about to build C:\Users\joseph.PUTERNERD\Documents\GitHub\TimeCraft\node_modules\karma-coverage
554 info C:\Users\joseph.PUTERNERD\Documents\GitHub\TimeCraft\node_modules\karma-coverage unbuild
555 info preuninstall karma-coverage@0.1.5
556 http 304 https://registry.npmjs.org/mkdirp
557 silly registry.get cb [ 304,
557 silly registry.get   { date: 'Fri, 14 Mar 2014 18:19:50 GMT',
557 silly registry.get     server: 'Apache',
557 silly registry.get     via: '1.1 varnish',
557 silly registry.get     'last-modified': 'Fri, 14 Mar 2014 18:19:39 GMT',
557 silly registry.get     'cache-control': 'max-age=1',
557 silly registry.get     etag: '"BCGRNVY5Y0HPXJNO7IQQLO9YA"',
557 silly registry.get     'x-served-by': 'cache-sv62-SJC3',
557 silly registry.get     'x-cache': 'HIT',
557 silly registry.get     'x-cache-hits': '2',
557 silly registry.get     'x-timer': 'S1394821190.291265965,VS0,VE0',
557 silly registry.get     vary: 'Accept',
557 silly registry.get     'content-length': '0',
557 silly registry.get     'keep-alive': 'timeout=10, max=50',
557 silly registry.get     connection: 'Keep-Alive' } ]
558 verbose etag mkdirp from cache
559 info uninstall karma-coverage@0.1.5
560 verbose true,C:\Users\joseph.PUTERNERD\Documents\GitHub\TimeCraft\node_modules,C:\Users\joseph.PUTERNERD\Documents\GitHub\TimeCraft\node_modules unbuild karma-coverage@0.1.5
561 info postuninstall karma-coverage@0.1.5
562 silly addNameRange number 2 { name: 'mkdirp', range: '*', hasData: true }
563 silly addNameRange versions [ 'mkdirp',
563 silly addNameRange   [ '0.0.1',
563 silly addNameRange     '0.0.2',
563 silly addNameRange     '0.0.3',
563 silly addNameRange     '0.0.4',
563 silly addNameRange     '0.0.5',
563 silly addNameRange     '0.0.6',
563 silly addNameRange     '0.0.7',
563 silly addNameRange     '0.1.0',
563 silly addNameRange     '0.2.0',
563 silly addNameRange     '0.2.1',
563 silly addNameRange     '0.2.2',
563 silly addNameRange     '0.3.0',
563 silly addNameRange     '0.3.1',
563 silly addNameRange     '0.3.2',
563 silly addNameRange     '0.3.3',
563 silly addNameRange     '0.3.4',
563 silly addNameRange     '0.3.5' ] ]
564 verbose addNamed [ 'mkdirp', '0.3.5' ]
565 verbose addNamed [ '0.3.5', '0.3.5' ]
566 silly lockFile 67d2df2a-mkdirp-0-3-5 mkdirp@0.3.5
567 verbose lock mkdirp@0.3.5 C:\Users\joseph.PUTERNERD\AppData\Roaming\npm-cache\67d2df2a-mkdirp-0-3-5.lock
568 silly lockFile 67d2df2a-mkdirp-0-3-5 mkdirp@0.3.5
569 silly lockFile 67d2df2a-mkdirp-0-3-5 mkdirp@0.3.5
570 silly lockFile 49c57f5b-mkdirp mkdirp@*
571 silly lockFile 49c57f5b-mkdirp mkdirp@*
572 silly gunzTarPerm extractEntry lib/store/fslookup.js
573 silly gunzTarPerm modified mode [ 'lib/store/fslookup.js', 438, 420 ]
574 silly gunzTarPerm extractEntry lib/store/index.js
575 silly gunzTarPerm modified mode [ 'lib/store/index.js', 438, 420 ]
576 error Error: ENOENT, lstat 'C:\Users\joseph.PUTERNERD\Documents\GitHub\TimeCraft\node_modules\karma-coverage\node_modules\istanbul\lib\command\instrument.js'
577 error If you need help, you may report this *entire* log,
577 error including the npm and node versions, at:
577 error     <http://github.com/isaacs/npm/issues>
578 error System Windows_NT 6.1.7601
579 error command "C:\\Program Files\\nodejs\\\\node.exe" "C:\\Program Files\\nodejs\\node_modules\\npm\\bin\\npm-cli.js" "install"
580 error cwd C:\Users\joseph.PUTERNERD\Documents\GitHub\TimeCraft
581 error node -v v0.10.24
582 error npm -v 1.3.21
583 error path C:\Users\joseph.PUTERNERD\Documents\GitHub\TimeCraft\node_modules\karma-coverage\node_modules\istanbul\lib\command\instrument.js
584 error fstream_path C:\Users\joseph.PUTERNERD\Documents\GitHub\TimeCraft\node_modules\karma-coverage\node_modules\istanbul\lib\command\instrument.js
585 error fstream_type File
586 error fstream_class FileWriter
587 error code ENOENT
588 error errno 34
589 error fstream_stack C:\Program Files\nodejs\node_modules\npm\node_modules\fstream\lib\writer.js:284:26
589 error fstream_stack Object.oncomplete (fs.js:107:15)
590 verbose exit [ 34, true ]
